[29/03/18] 10:46:28 [ERROR] [Application] TypeError: this._model.removeById is not a function
[29/03/18] 10:46:28 [ERROR] [Application]     at Species._callee6$ (/home/ubuntu/workspace/NEA/models/species.js:95:31)
[29/03/18] 10:46:28 [ERROR] [Application]     at tryCatch (/home/ubuntu/workspace/NEA/node_modules/regenerator-runtime/runtime.js:65:40)
[29/03/18] 10:46:28 [ERROR] [Application]     at Generator.invoke [as _invoke] (/home/ubuntu/workspace/NEA/node_modules/regenerator-runtime/runtime.js:303:22)
[29/03/18] 10:46:28 [ERROR] [Application]     at Generator.prototype.(anonymous function) [as next] (/home/ubuntu/workspace/NEA/node_modules/regenerator-runtime/runtime.js:117:21)
[29/03/18] 10:46:28 [ERROR] [Application]     at step (/home/ubuntu/workspace/NEA/models/species.js:35:191)
[29/03/18] 10:46:28 [ERROR] [Application]     at /home/ubuntu/workspace/NEA/models/species.js:35:437
[29/03/18] 10:46:28 [ERROR] [Application]     at new Promise (<anonymous>)
[29/03/18] 10:46:28 [ERROR] [Application]     at Species.<anonymous> (/home/ubuntu/workspace/NEA/models/species.js:35:99)
[29/03/18] 10:46:28 [ERROR] [Application]     at Species.removeSpeciesByID (/home/ubuntu/workspace/NEA/models/species.js:94:16)
[29/03/18] 10:46:28 [ERROR] [Application]     at AdminRouter._callee10$ (/home/ubuntu/workspace/NEA/routes/admin.js:309:42)
[29/03/18] 10:46:28 [ERROR] [Application]     at tryCatch (/home/ubuntu/workspace/NEA/node_modules/regenerator-runtime/runtime.js:65:40)
[29/03/18] 10:46:28 [ERROR] [Application]     at Generator.invoke [as _invoke] (/home/ubuntu/workspace/NEA/node_modules/regenerator-runtime/runtime.js:303:22)
[29/03/18] 10:46:28 [ERROR] [Application]     at Generator.prototype.(anonymous function) [as next] (/home/ubuntu/workspace/NEA/node_modules/regenerator-runtime/runtime.js:117:21)
[29/03/18] 10:46:28 [ERROR] [Application]     at step (/home/ubuntu/workspace/NEA/routes/admin.js:51:191)
[29/03/18] 10:46:28 [ERROR] [Application]     at /home/ubuntu/workspace/NEA/routes/admin.js:51:361
[29/03/18] 10:46:28 [ERROR] [Application]     at <anonymous>
[29/03/18] 10:46:28 [ERROR] [Application] DeprecationWarning: Unhandled promise rejections are deprecated. In the future, promise rejections that are not handled will terminate the Node.js process with a non-zero exit code.
[29/03/18] 10:46:28 [ERROR] [Application]     at emitWarning (internal/process/promises.js:78:15)
[29/03/18] 10:46:28 [ERROR] [Application]     at emitPendingUnhandledRejections (internal/process/promises.js:95:11)
[29/03/18] 10:46:28 [ERROR] [Application]     at process._tickDomainCallback (internal/process/next_tick.js:229:7)
[29/03/18] 10:51:38 [ERROR] [Application] Error: Can't set headers after they are sent.
[29/03/18] 10:51:38 [ERROR] [Application]     at validateHeader (_http_outgoing.js:494:11)
[29/03/18] 10:51:38 [ERROR] [Application]     at ServerResponse.setHeader (_http_outgoing.js:501:3)
[29/03/18] 10:51:38 [ERROR] [Application]     at Function.sendJSONResponse (/home/ubuntu/workspace/NEA/lib/utils.js:44:18)
[29/03/18] 10:51:38 [ERROR] [Application]     at AdminRouter._callee10$ (/home/ubuntu/workspace/NEA/routes/admin.js:335:31)
[29/03/18] 10:51:38 [ERROR] [Application]     at tryCatch (/home/ubuntu/workspace/NEA/node_modules/regenerator-runtime/runtime.js:65:40)
[29/03/18] 10:51:38 [ERROR] [Application]     at Generator.invoke [as _invoke] (/home/ubuntu/workspace/NEA/node_modules/regenerator-runtime/runtime.js:303:22)
[29/03/18] 10:51:38 [ERROR] [Application]     at Generator.prototype.(anonymous function) [as next] (/home/ubuntu/workspace/NEA/node_modules/regenerator-runtime/runtime.js:117:21)
[29/03/18] 10:51:38 [ERROR] [Application]     at /home/ubuntu/workspace/NEA/routes/admin.js:51:361
[29/03/18] 10:51:38 [ERROR] [Application]     at step (/home/ubuntu/workspace/NEA/routes/admin.js:51:191)
[29/03/18] 10:51:38 [ERROR] [Application]     at <anonymous>
[29/03/18] 10:51:38 [ERROR] [Application] DeprecationWarning: Unhandled promise rejections are deprecated. In the future, promise rejections that are not handled will terminate the Node.js process with a non-zero exit code.
[29/03/18] 10:51:38 [ERROR] [Application]     at emitWarning (internal/process/promises.js:78:15)
[29/03/18] 10:51:38 [ERROR] [Application]     at emitPendingUnhandledRejections (internal/process/promises.js:95:11)
[29/03/18] 10:51:38 [ERROR] [Application]     at runMicrotasksCallback (internal/process/next_tick.js:124:9)
[29/03/18] 10:51:38 [ERROR] [Application]     at _combinedTickCallback (internal/process/next_tick.js:131:7)
[29/03/18] 10:51:38 [ERROR] [Application]     at process._tickDomainCallback (internal/process/next_tick.js:218:9)
[29/03/18] 10:54:27 [ERROR] [Application] Error: Can't set headers after they are sent.
[29/03/18] 10:54:27 [ERROR] [Application]     at validateHeader (_http_outgoing.js:494:11)
[29/03/18] 10:54:27 [ERROR] [Application]     at ServerResponse.setHeader (_http_outgoing.js:501:3)
[29/03/18] 10:54:27 [ERROR] [Application]     at Function.sendJSONResponse (/home/ubuntu/workspace/NEA/lib/utils.js:44:18)
[29/03/18] 10:54:27 [ERROR] [Application]     at AdminRouter._callee10$ (/home/ubuntu/workspace/NEA/routes/admin.js:336:31)
[29/03/18] 10:54:27 [ERROR] [Application]     at tryCatch (/home/ubuntu/workspace/NEA/node_modules/regenerator-runtime/runtime.js:65:40)
[29/03/18] 10:54:27 [ERROR] [Application]     at Generator.invoke [as _invoke] (/home/ubuntu/workspace/NEA/node_modules/regenerator-runtime/runtime.js:303:22)
[29/03/18] 10:54:27 [ERROR] [Application]     at Generator.prototype.(anonymous function) [as next] (/home/ubuntu/workspace/NEA/node_modules/regenerator-runtime/runtime.js:117:21)
[29/03/18] 10:54:27 [ERROR] [Application]     at step (/home/ubuntu/workspace/NEA/routes/admin.js:51:191)
[29/03/18] 10:54:27 [ERROR] [Application]     at /home/ubuntu/workspace/NEA/routes/admin.js:51:361
[29/03/18] 10:54:27 [ERROR] [Application]     at <anonymous>
[29/03/18] 10:54:27 [ERROR] [Application] DeprecationWarning: Unhandled promise rejections are deprecated. In the future, promise rejections that are not handled will terminate the Node.js process with a non-zero exit code.
[29/03/18] 10:54:27 [ERROR] [Application]     at emitWarning (internal/process/promises.js:78:15)
[29/03/18] 10:54:27 [ERROR] [Application]     at emitPendingUnhandledRejections (internal/process/promises.js:95:11)
[29/03/18] 10:54:27 [ERROR] [Application]     at runMicrotasksCallback (internal/process/next_tick.js:124:9)
[29/03/18] 10:54:27 [ERROR] [Application]     at _combinedTickCallback (internal/process/next_tick.js:131:7)
[29/03/18] 10:54:27 [ERROR] [Application]     at process._tickDomainCallback (internal/process/next_tick.js:218:9)
[29/03/18] 10:55:52 [ERROR] [Application] TypeError: Cannot read property 'count' of null
[29/03/18] 10:55:52 [ERROR] [Application]     at AdminRouter._callee10$ (/home/ubuntu/workspace/NEA/routes/admin.js:278:50)
[29/03/18] 10:55:52 [ERROR] [Application]     at tryCatch (/home/ubuntu/workspace/NEA/node_modules/regenerator-runtime/runtime.js:65:40)
[29/03/18] 10:55:52 [ERROR] [Application]     at Generator.invoke [as _invoke] (/home/ubuntu/workspace/NEA/node_modules/regenerator-runtime/runtime.js:303:22)
[29/03/18] 10:55:52 [ERROR] [Application]     at Generator.prototype.(anonymous function) [as next] (/home/ubuntu/workspace/NEA/node_modules/regenerator-runtime/runtime.js:117:21)
[29/03/18] 10:55:52 [ERROR] [Application]     at step (/home/ubuntu/workspace/NEA/routes/admin.js:51:191)
[29/03/18] 10:55:52 [ERROR] [Application]     at /home/ubuntu/workspace/NEA/routes/admin.js:51:361
[29/03/18] 10:55:52 [ERROR] [Application]     at <anonymous>
[29/03/18] 10:57:05 [ERROR] [Application] TypeError: loggedInUser.indexOf is not a function
[29/03/18] 10:57:05 [ERROR] [Application]     at AdminRouter._callee10$ (/home/ubuntu/workspace/NEA/routes/admin.js:318:74)
[29/03/18] 10:57:05 [ERROR] [Application]     at Generator.invoke [as _invoke] (/home/ubuntu/workspace/NEA/node_modules/regenerator-runtime/runtime.js:303:22)
[29/03/18] 10:57:05 [ERROR] [Application]     at tryCatch (/home/ubuntu/workspace/NEA/node_modules/regenerator-runtime/runtime.js:65:40)
[29/03/18] 10:57:05 [ERROR] [Application]     at Generator.prototype.(anonymous function) [as next] (/home/ubuntu/workspace/NEA/node_modules/regenerator-runtime/runtime.js:117:21)
[29/03/18] 10:57:05 [ERROR] [Application]     at step (/home/ubuntu/workspace/NEA/routes/admin.js:51:191)
[29/03/18] 10:57:05 [ERROR] [Application]     at /home/ubuntu/workspace/NEA/routes/admin.js:51:361
[29/03/18] 10:57:05 [ERROR] [Application]     at <anonymous>
[29/03/18] 10:57:05 [ERROR] [Application]     at process._tickDomainCallback (internal/process/next_tick.js:228:7)
[29/03/18] 10:57:05 [ERROR] [Application] DeprecationWarning: Unhandled promise rejections are deprecated. In the future, promise rejections that are not handled will terminate the Node.js process with a non-zero exit code.
[29/03/18] 10:57:05 [ERROR] [Application]     at emitWarning (internal/process/promises.js:78:15)
[29/03/18] 10:57:05 [ERROR] [Application]     at emitPendingUnhandledRejections (internal/process/promises.js:95:11)
[29/03/18] 10:57:05 [ERROR] [Application]     at process._tickDomainCallback (internal/process/next_tick.js:229:7)
[29/03/18] 10:57:20 [ERROR] [Application] TypeError: loggedInUser.indexOf is not a function
[29/03/18] 10:57:20 [ERROR] [Application]     at AdminRouter._callee10$ (/home/ubuntu/workspace/NEA/routes/admin.js:318:74)
[29/03/18] 10:57:20 [ERROR] [Application]     at tryCatch (/home/ubuntu/workspace/NEA/node_modules/regenerator-runtime/runtime.js:65:40)
[29/03/18] 10:57:20 [ERROR] [Application]     at Generator.invoke [as _invoke] (/home/ubuntu/workspace/NEA/node_modules/regenerator-runtime/runtime.js:303:22)
[29/03/18] 10:57:20 [ERROR] [Application]     at Generator.prototype.(anonymous function) [as next] (/home/ubuntu/workspace/NEA/node_modules/regenerator-runtime/runtime.js:117:21)
[29/03/18] 10:57:20 [ERROR] [Application]     at step (/home/ubuntu/workspace/NEA/routes/admin.js:51:191)
[29/03/18] 10:57:20 [ERROR] [Application]     at /home/ubuntu/workspace/NEA/routes/admin.js:51:361
[29/03/18] 10:57:20 [ERROR] [Application]     at <anonymous>
[29/03/18] 10:57:20 [ERROR] [Application]     at process._tickDomainCallback (internal/process/next_tick.js:228:7)
[29/03/18] 10:57:20 [ERROR] [Application] TypeError: loggedInUser.indexOf is not a function
[29/03/18] 10:57:20 [ERROR] [Application]     at AdminRouter._callee10$ (/home/ubuntu/workspace/NEA/routes/admin.js:318:74)
[29/03/18] 10:57:20 [ERROR] [Application]     at tryCatch (/home/ubuntu/workspace/NEA/node_modules/regenerator-runtime/runtime.js:65:40)
[29/03/18] 10:57:20 [ERROR] [Application]     at Generator.invoke [as _invoke] (/home/ubuntu/workspace/NEA/node_modules/regenerator-runtime/runtime.js:303:22)
[29/03/18] 10:57:20 [ERROR] [Application]     at Generator.prototype.(anonymous function) [as next] (/home/ubuntu/workspace/NEA/node_modules/regenerator-runtime/runtime.js:117:21)
[29/03/18] 10:57:20 [ERROR] [Application]     at step (/home/ubuntu/workspace/NEA/routes/admin.js:51:191)
[29/03/18] 10:57:20 [ERROR] [Application]     at /home/ubuntu/workspace/NEA/routes/admin.js:51:361
[29/03/18] 10:57:20 [ERROR] [Application]     at <anonymous>
[29/03/18] 10:57:20 [ERROR] [Application]     at process._tickDomainCallback (internal/process/next_tick.js:228:7)
[29/03/18] 10:57:33 [ERROR] [Application] TypeError: loggedInUser.indexOf is not a function
[29/03/18] 10:57:33 [ERROR] [Application]     at AdminRouter._callee10$ (/home/ubuntu/workspace/NEA/routes/admin.js:318:74)
[29/03/18] 10:57:33 [ERROR] [Application]     at tryCatch (/home/ubuntu/workspace/NEA/node_modules/regenerator-runtime/runtime.js:65:40)
[29/03/18] 10:57:33 [ERROR] [Application]     at Generator.invoke [as _invoke] (/home/ubuntu/workspace/NEA/node_modules/regenerator-runtime/runtime.js:303:22)
[29/03/18] 10:57:33 [ERROR] [Application]     at Generator.prototype.(anonymous function) [as next] (/home/ubuntu/workspace/NEA/node_modules/regenerator-runtime/runtime.js:117:21)
[29/03/18] 10:57:33 [ERROR] [Application]     at /home/ubuntu/workspace/NEA/routes/admin.js:51:361
[29/03/18] 10:57:33 [ERROR] [Application]     at <anonymous>
[29/03/18] 10:57:33 [ERROR] [Application]     at step (/home/ubuntu/workspace/NEA/routes/admin.js:51:191)
[29/03/18] 10:57:33 [ERROR] [Application]     at process._tickDomainCallback (internal/process/next_tick.js:228:7)
[29/03/18] 10:57:34 [ERROR] [Application] TypeError: loggedInUser.indexOf is not a function
[29/03/18] 10:57:34 [ERROR] [Application]     at tryCatch (/home/ubuntu/workspace/NEA/node_modules/regenerator-runtime/runtime.js:65:40)
[29/03/18] 10:57:34 [ERROR] [Application]     at AdminRouter._callee10$ (/home/ubuntu/workspace/NEA/routes/admin.js:318:74)
[29/03/18] 10:57:34 [ERROR] [Application]     at Generator.invoke [as _invoke] (/home/ubuntu/workspace/NEA/node_modules/regenerator-runtime/runtime.js:303:22)
[29/03/18] 10:57:34 [ERROR] [Application]     at Generator.prototype.(anonymous function) [as next] (/home/ubuntu/workspace/NEA/node_modules/regenerator-runtime/runtime.js:117:21)
[29/03/18] 10:57:34 [ERROR] [Application]     at step (/home/ubuntu/workspace/NEA/routes/admin.js:51:191)
[29/03/18] 10:57:34 [ERROR] [Application]     at /home/ubuntu/workspace/NEA/routes/admin.js:51:361
[29/03/18] 10:57:34 [ERROR] [Application]     at <anonymous>
[29/03/18] 10:57:34 [ERROR] [Application]     at process._tickDomainCallback (internal/process/next_tick.js:228:7)
[29/03/18] 10:57:36 [ERROR] [Application] TypeError: loggedInUser.indexOf is not a function
[29/03/18] 10:57:36 [ERROR] [Application]     at AdminRouter._callee10$ (/home/ubuntu/workspace/NEA/routes/admin.js:318:74)
[29/03/18] 10:57:36 [ERROR] [Application]     at Generator.invoke [as _invoke] (/home/ubuntu/workspace/NEA/node_modules/regenerator-runtime/runtime.js:303:22)
[29/03/18] 10:57:36 [ERROR] [Application]     at tryCatch (/home/ubuntu/workspace/NEA/node_modules/regenerator-runtime/runtime.js:65:40)
[29/03/18] 10:57:36 [ERROR] [Application]     at step (/home/ubuntu/workspace/NEA/routes/admin.js:51:191)
[29/03/18] 10:57:36 [ERROR] [Application]     at /home/ubuntu/workspace/NEA/routes/admin.js:51:361
[29/03/18] 10:57:36 [ERROR] [Application]     at <anonymous>
[29/03/18] 10:57:36 [ERROR] [Application]     at process._tickDomainCallback (internal/process/next_tick.js:228:7)
[29/03/18] 10:57:36 [ERROR] [Application]     at Generator.prototype.(anonymous function) [as next] (/home/ubuntu/workspace/NEA/node_modules/regenerator-runtime/runtime.js:117:21)
[29/03/18] 10:59:19 [ERROR] [Application] TypeError: loggedInUser.indexOf is not a function
[29/03/18] 10:59:19 [ERROR] [Application]     at AdminRouter._callee10$ (/home/ubuntu/workspace/NEA/routes/admin.js:318:74)
[29/03/18] 10:59:19 [ERROR] [Application]     at tryCatch (/home/ubuntu/workspace/NEA/node_modules/regenerator-runtime/runtime.js:65:40)
[29/03/18] 10:59:19 [ERROR] [Application]     at Generator.invoke [as _invoke] (/home/ubuntu/workspace/NEA/node_modules/regenerator-runtime/runtime.js:303:22)
[29/03/18] 10:59:19 [ERROR] [Application]     at Generator.prototype.(anonymous function) [as next] (/home/ubuntu/workspace/NEA/node_modules/regenerator-runtime/runtime.js:117:21)
[29/03/18] 10:59:19 [ERROR] [Application]     at step (/home/ubuntu/workspace/NEA/routes/admin.js:51:191)
[29/03/18] 10:59:19 [ERROR] [Application]     at /home/ubuntu/workspace/NEA/routes/admin.js:51:361
[29/03/18] 10:59:19 [ERROR] [Application]     at <anonymous>
[29/03/18] 10:59:19 [ERROR] [Application]     at process._tickDomainCallback (internal/process/next_tick.js:228:7)
[30/03/18] 09:32:11 [ERROR] [Application] TypeError: userDoc.indexOf is not a function
[30/03/18] 09:32:11 [ERROR] [Application]     at AdminRouter._callee10$ (/home/ubuntu/workspace/NEA/routes/admin.js:323:68)
[30/03/18] 09:32:11 [ERROR] [Application]     at Generator.prototype.(anonymous function) [as next] (/home/ubuntu/workspace/NEA/node_modules/regenerator-runtime/runtime.js:117:21)
[30/03/18] 09:32:11 [ERROR] [Application]     at step (/home/ubuntu/workspace/NEA/routes/admin.js:51:191)
[30/03/18] 09:32:11 [ERROR] [Application]     at /home/ubuntu/workspace/NEA/routes/admin.js:51:361
[30/03/18] 09:32:11 [ERROR] [Application]     at <anonymous>
[30/03/18] 09:32:11 [ERROR] [Application]     at process._tickDomainCallback (internal/process/next_tick.js:228:7)
[30/03/18] 09:32:11 [ERROR] [Application]     at tryCatch (/home/ubuntu/workspace/NEA/node_modules/regenerator-runtime/runtime.js:65:40)
[30/03/18] 09:32:11 [ERROR] [Application] DeprecationWarning: Unhandled promise rejections are deprecated. In the future, promise rejections that are not handled will terminate the Node.js process with a non-zero exit code.
[30/03/18] 09:32:11 [ERROR] [Application]     at emitPendingUnhandledRejections (internal/process/promises.js:95:11)
[30/03/18] 09:32:11 [ERROR] [Application]     at process._tickDomainCallback (internal/process/next_tick.js:229:7)
[30/03/18] 09:32:11 [ERROR] [Application]     at emitWarning (internal/process/promises.js:78:15)
[30/03/18] 09:32:11 [ERROR] [Application]     at Generator.invoke [as _invoke] (/home/ubuntu/workspace/NEA/node_modules/regenerator-runtime/runtime.js:303:22)
[30/03/18] 09:33:25 [ERROR] [Application] TypeError: Cannot read property 'count' of null
[30/03/18] 09:33:25 [ERROR] [Application]     at AdminRouter._callee10$ (/home/ubuntu/workspace/NEA/routes/admin.js:278:50)
[30/03/18] 09:33:25 [ERROR] [Application]     at tryCatch (/home/ubuntu/workspace/NEA/node_modules/regenerator-runtime/runtime.js:65:40)
[30/03/18] 09:33:25 [ERROR] [Application]     at Generator.invoke [as _invoke] (/home/ubuntu/workspace/NEA/node_modules/regenerator-runtime/runtime.js:303:22)
[30/03/18] 09:33:25 [ERROR] [Application]     at Generator.prototype.(anonymous function) [as next] (/home/ubuntu/workspace/NEA/node_modules/regenerator-runtime/runtime.js:117:21)
[30/03/18] 09:33:25 [ERROR] [Application]     at step (/home/ubuntu/workspace/NEA/routes/admin.js:51:191)
[30/03/18] 09:33:25 [ERROR] [Application]     at /home/ubuntu/workspace/NEA/routes/admin.js:51:361
[30/03/18] 09:33:25 [ERROR] [Application]     at <anonymous>
[30/03/18] 09:33:25 [ERROR] [Application] DeprecationWarning: Unhandled promise rejections are deprecated. In the future, promise rejections that are not handled will terminate the Node.js process with a non-zero exit code.
[30/03/18] 09:33:25 [ERROR] [Application]     at emitWarning (internal/process/promises.js:78:15)
[30/03/18] 09:33:25 [ERROR] [Application]     at emitPendingUnhandledRejections (internal/process/promises.js:95:11)
[30/03/18] 09:33:25 [ERROR] [Application]     at runMicrotasksCallback (internal/process/next_tick.js:124:9)
[30/03/18] 09:33:25 [ERROR] [Application]     at _combinedTickCallback (internal/process/next_tick.js:131:7)
[30/03/18] 09:33:25 [ERROR] [Application]     at process._tickDomainCallback (internal/process/next_tick.js:218:9)
[30/03/18] 09:33:25 [ERROR] [Application] TypeError: Cannot read property 'count' of null
[30/03/18] 09:33:25 [ERROR] [Application]     at AdminRouter._callee10$ (/home/ubuntu/workspace/NEA/routes/admin.js:278:50)
[30/03/18] 09:33:25 [ERROR] [Application]     at tryCatch (/home/ubuntu/workspace/NEA/node_modules/regenerator-runtime/runtime.js:65:40)
[30/03/18] 09:33:25 [ERROR] [Application]     at Generator.invoke [as _invoke] (/home/ubuntu/workspace/NEA/node_modules/regenerator-runtime/runtime.js:303:22)
[30/03/18] 09:33:25 [ERROR] [Application]     at Generator.prototype.(anonymous function) [as next] (/home/ubuntu/workspace/NEA/node_modules/regenerator-runtime/runtime.js:117:21)
[30/03/18] 09:33:25 [ERROR] [Application]     at step (/home/ubuntu/workspace/NEA/routes/admin.js:51:191)
[30/03/18] 09:33:25 [ERROR] [Application]     at /home/ubuntu/workspace/NEA/routes/admin.js:51:361
[30/03/18] 09:33:25 [ERROR] [Application]     at <anonymous>
[30/03/18] 09:33:26 [ERROR] [Application] TypeError: Cannot read property 'count' of null
[30/03/18] 09:33:26 [ERROR] [Application]     at AdminRouter._callee10$ (/home/ubuntu/workspace/NEA/routes/admin.js:278:50)
[30/03/18] 09:33:26 [ERROR] [Application]     at tryCatch (/home/ubuntu/workspace/NEA/node_modules/regenerator-runtime/runtime.js:65:40)
[30/03/18] 09:33:26 [ERROR] [Application]     at Generator.invoke [as _invoke] (/home/ubuntu/workspace/NEA/node_modules/regenerator-runtime/runtime.js:303:22)
[30/03/18] 09:33:26 [ERROR] [Application]     at Generator.prototype.(anonymous function) [as next] (/home/ubuntu/workspace/NEA/node_modules/regenerator-runtime/runtime.js:117:21)
[30/03/18] 09:33:26 [ERROR] [Application]     at step (/home/ubuntu/workspace/NEA/routes/admin.js:51:191)
[30/03/18] 09:33:26 [ERROR] [Application]     at /home/ubuntu/workspace/NEA/routes/admin.js:51:361
[30/03/18] 09:33:26 [ERROR] [Application]     at <anonymous>
[30/03/18] 09:33:26 [ERROR] [Application] TypeError: Cannot read property 'count' of null
[30/03/18] 09:33:26 [ERROR] [Application]     at AdminRouter._callee10$ (/home/ubuntu/workspace/NEA/routes/admin.js:278:50)
[30/03/18] 09:33:26 [ERROR] [Application]     at tryCatch (/home/ubuntu/workspace/NEA/node_modules/regenerator-runtime/runtime.js:65:40)
[30/03/18] 09:33:26 [ERROR] [Application]     at Generator.invoke [as _invoke] (/home/ubuntu/workspace/NEA/node_modules/regenerator-runtime/runtime.js:303:22)
[30/03/18] 09:33:26 [ERROR] [Application]     at Generator.prototype.(anonymous function) [as next] (/home/ubuntu/workspace/NEA/node_modules/regenerator-runtime/runtime.js:117:21)
[30/03/18] 09:33:26 [ERROR] [Application]     at step (/home/ubuntu/workspace/NEA/routes/admin.js:51:191)
[30/03/18] 09:33:26 [ERROR] [Application]     at /home/ubuntu/workspace/NEA/routes/admin.js:51:361
[30/03/18] 09:33:26 [ERROR] [Application]     at <anonymous>
[30/03/18] 09:35:26 [ERROR] [Application] TypeError: Cannot read property 'count' of null
[30/03/18] 09:35:26 [ERROR] [Application]     at AdminRouter._callee10$ (/home/ubuntu/workspace/NEA/routes/admin.js:278:50)
[30/03/18] 09:35:26 [ERROR] [Application]     at tryCatch (/home/ubuntu/workspace/NEA/node_modules/regenerator-runtime/runtime.js:65:40)
[30/03/18] 09:35:26 [ERROR] [Application]     at Generator.invoke [as _invoke] (/home/ubuntu/workspace/NEA/node_modules/regenerator-runtime/runtime.js:303:22)
[30/03/18] 09:35:26 [ERROR] [Application]     at Generator.prototype.(anonymous function) [as next] (/home/ubuntu/workspace/NEA/node_modules/regenerator-runtime/runtime.js:117:21)
[30/03/18] 09:35:26 [ERROR] [Application]     at step (/home/ubuntu/workspace/NEA/routes/admin.js:51:191)
[30/03/18] 09:35:26 [ERROR] [Application]     at /home/ubuntu/workspace/NEA/routes/admin.js:51:361
[30/03/18] 09:35:26 [ERROR] [Application]     at <anonymous>
[30/03/18] 09:35:26 [ERROR] [Application] TypeError: Cannot read property 'count' of null
[30/03/18] 09:35:26 [ERROR] [Application]     at AdminRouter._callee10$ (/home/ubuntu/workspace/NEA/routes/admin.js:278:50)
[30/03/18] 09:35:26 [ERROR] [Application]     at Generator.invoke [as _invoke] (/home/ubuntu/workspace/NEA/node_modules/regenerator-runtime/runtime.js:303:22)
[30/03/18] 09:35:26 [ERROR] [Application]     at Generator.prototype.(anonymous function) [as next] (/home/ubuntu/workspace/NEA/node_modules/regenerator-runtime/runtime.js:117:21)
[30/03/18] 09:35:26 [ERROR] [Application]     at tryCatch (/home/ubuntu/workspace/NEA/node_modules/regenerator-runtime/runtime.js:65:40)
[30/03/18] 09:35:26 [ERROR] [Application]     at step (/home/ubuntu/workspace/NEA/routes/admin.js:51:191)
[30/03/18] 09:35:26 [ERROR] [Application]     at /home/ubuntu/workspace/NEA/routes/admin.js:51:361
[30/03/18] 09:35:26 [ERROR] [Application]     at <anonymous>
[01/04/18] 07:53:21 [ERROR] [Application] TypeError: Cannot read property 'splice' of undefined
[01/04/18] 07:53:21 [ERROR] [Application]     at step (/home/ubuntu/workspace/NEA/routes/admin.js:51:191)
[01/04/18] 07:53:21 [ERROR] [Application]     at Generator.prototype.(anonymous function) [as next] (/home/ubuntu/workspace/NEA/node_modules/regenerator-runtime/runtime.js:117:21)
[01/04/18] 07:53:21 [ERROR] [Application]     at Generator.invoke [as _invoke] (/home/ubuntu/workspace/NEA/node_modules/regenerator-runtime/runtime.js:303:22)
[01/04/18] 07:53:21 [ERROR] [Application]     at /home/ubuntu/workspace/NEA/routes/admin.js:51:361
[01/04/18] 07:53:21 [ERROR] [Application]     at <anonymous>
[01/04/18] 07:53:21 [ERROR] [Application]     at process._tickDomainCallback (internal/process/next_tick.js:228:7)
[01/04/18] 07:53:21 [ERROR] [Application] DeprecationWarning: Unhandled promise rejections are deprecated. In the future, promise rejections that are not handled will terminate the Node.js process with a non-zero exit code.
[01/04/18] 07:53:21 [ERROR] [Application]     at AdminRouter._callee10$ (/home/ubuntu/workspace/NEA/routes/admin.js:301:40)
[01/04/18] 07:53:21 [ERROR] [Application]     at emitWarning (internal/process/promises.js:78:15)
[01/04/18] 07:53:21 [ERROR] [Application]     at emitPendingUnhandledRejections (internal/process/promises.js:95:11)
[01/04/18] 07:53:21 [ERROR] [Application]     at process._tickDomainCallback (internal/process/next_tick.js:229:7)
[01/04/18] 07:53:21 [ERROR] [Application]     at tryCatch (/home/ubuntu/workspace/NEA/node_modules/regenerator-runtime/runtime.js:65:40)
[01/04/18] 07:54:54 [ERROR] [Application] TypeError: Cannot read property 'splice' of undefined
[01/04/18] 07:54:54 [ERROR] [Application]     at AdminRouter._callee10$ (/home/ubuntu/workspace/NEA/routes/admin.js:301:40)
[01/04/18] 07:54:54 [ERROR] [Application]     at tryCatch (/home/ubuntu/workspace/NEA/node_modules/regenerator-runtime/runtime.js:65:40)
[01/04/18] 07:54:54 [ERROR] [Application]     at Generator.invoke [as _invoke] (/home/ubuntu/workspace/NEA/node_modules/regenerator-runtime/runtime.js:303:22)
[01/04/18] 07:54:54 [ERROR] [Application]     at Generator.prototype.(anonymous function) [as next] (/home/ubuntu/workspace/NEA/node_modules/regenerator-runtime/runtime.js:117:21)
[01/04/18] 07:54:54 [ERROR] [Application]     at step (/home/ubuntu/workspace/NEA/routes/admin.js:51:191)
[01/04/18] 07:54:54 [ERROR] [Application]     at /home/ubuntu/workspace/NEA/routes/admin.js:51:361
[01/04/18] 07:54:54 [ERROR] [Application]     at <anonymous>
[01/04/18] 07:54:54 [ERROR] [Application]     at process._tickDomainCallback (internal/process/next_tick.js:228:7)
[01/04/18] 07:54:54 [ERROR] [Application] DeprecationWarning: Unhandled promise rejections are deprecated. In the future, promise rejections that are not handled will terminate the Node.js process with a non-zero exit code.
[01/04/18] 07:54:54 [ERROR] [Application]     at emitWarning (internal/process/promises.js:78:15)
[01/04/18] 07:54:54 [ERROR] [Application]     at emitPendingUnhandledRejections (internal/process/promises.js:95:11)
[01/04/18] 07:54:54 [ERROR] [Application]     at process._tickDomainCallback (internal/process/next_tick.js:229:7)
[01/04/18] 07:57:49 [ERROR] [Routes/Admin] WriteError({"code":11000,"index":0,"errmsg":"insertDocument :: caused by :: 11000 E11000 duplicate key error index: wildlife_website_db.taxonomicgroups.$name_1  dup key: { : \"Test Group\" }","op":{"optionalFields":[],"invalidFields":[],"statuses":[],"species":[],"_id":"5ae81dfd90bfcd08e14f8cca","name":"Test Group","__v":0}})
[01/04/18] 07:57:49 [ERROR] [Routes/Admin]     at /home/ubuntu/workspace/NEA/node_modules/mongodb/lib/bulk/unordered.js:535:15
[01/04/18] 07:57:49 [ERROR] [Routes/Admin]     at handleCallback (/home/ubuntu/workspace/NEA/node_modules/mongodb/lib/utils.js:128:55)
[01/04/18] 07:57:49 [ERROR] [Routes/Admin]     at resultHandler (/home/ubuntu/workspace/NEA/node_modules/mongodb/lib/bulk/unordered.js:456:5)
[01/04/18] 07:57:49 [ERROR] [Routes/Admin]     at /home/ubuntu/workspace/NEA/node_modules/mongodb-core/lib/connection/pool.js:544:18
[01/04/18] 07:57:49 [ERROR] [Routes/Admin]     at _combinedTickCallback (internal/process/next_tick.js:131:7)
[01/04/18] 07:57:49 [ERROR] [Routes/Admin]     at process._tickDomainCallback (internal/process/next_tick.js:218:9)
[01/04/18] 08:07:14 [ERROR] [Application] TypeError: Cannot read property 'toDateString' of undefined
[01/04/18] 08:07:14 [ERROR] [Application]     at AdminRouter._callee10$ (/home/ubuntu/workspace/NEA/routes/admin.js:340:74)
[01/04/18] 08:07:14 [ERROR] [Application]     at tryCatch (/home/ubuntu/workspace/NEA/node_modules/regenerator-runtime/runtime.js:65:40)
[01/04/18] 08:07:14 [ERROR] [Application]     at Generator.invoke [as _invoke] (/home/ubuntu/workspace/NEA/node_modules/regenerator-runtime/runtime.js:303:22)
[01/04/18] 08:07:14 [ERROR] [Application]     at Generator.prototype.(anonymous function) [as next] (/home/ubuntu/workspace/NEA/node_modules/regenerator-runtime/runtime.js:117:21)
[01/04/18] 08:07:14 [ERROR] [Application]     at step (/home/ubuntu/workspace/NEA/routes/admin.js:51:191)
[01/04/18] 08:07:14 [ERROR] [Application]     at /home/ubuntu/workspace/NEA/routes/admin.js:51:361
[01/04/18] 08:07:14 [ERROR] [Application]     at <anonymous>
[01/04/18] 08:07:14 [ERROR] [Application] DeprecationWarning: Unhandled promise rejections are deprecated. In the future, promise rejections that are not handled will terminate the Node.js process with a non-zero exit code.
[01/04/18] 08:07:14 [ERROR] [Application]     at emitWarning (internal/process/promises.js:78:15)
[01/04/18] 08:07:14 [ERROR] [Application]     at emitPendingUnhandledRejections (internal/process/promises.js:95:11)
[01/04/18] 08:07:14 [ERROR] [Application]     at runMicrotasksCallback (internal/process/next_tick.js:124:9)
[01/04/18] 08:07:14 [ERROR] [Application]     at _combinedTickCallback (internal/process/next_tick.js:131:7)
[01/04/18] 08:07:14 [ERROR] [Application]     at process._tickDomainCallback (internal/process/next_tick.js:218:9)
[01/04/18] 08:07:14 [ERROR] [Application] TypeError: Cannot read property 'toDateString' of undefined
[01/04/18] 08:07:14 [ERROR] [Application]     at AdminRouter._callee10$ (/home/ubuntu/workspace/NEA/routes/admin.js:340:74)
[01/04/18] 08:07:14 [ERROR] [Application]     at tryCatch (/home/ubuntu/workspace/NEA/node_modules/regenerator-runtime/runtime.js:65:40)
[01/04/18] 08:07:14 [ERROR] [Application]     at Generator.invoke [as _invoke] (/home/ubuntu/workspace/NEA/node_modules/regenerator-runtime/runtime.js:303:22)
[01/04/18] 08:07:14 [ERROR] [Application]     at Generator.prototype.(anonymous function) [as next] (/home/ubuntu/workspace/NEA/node_modules/regenerator-runtime/runtime.js:117:21)
[01/04/18] 08:07:14 [ERROR] [Application]     at step (/home/ubuntu/workspace/NEA/routes/admin.js:51:191)
[01/04/18] 08:07:14 [ERROR] [Application]     at /home/ubuntu/workspace/NEA/routes/admin.js:51:361
[01/04/18] 08:07:14 [ERROR] [Application]     at <anonymous>
[01/04/18] 08:07:15 [ERROR] [Application] TypeError: Cannot read property 'toDateString' of undefined
[01/04/18] 08:07:15 [ERROR] [Application]     at AdminRouter._callee10$ (/home/ubuntu/workspace/NEA/routes/admin.js:340:74)
[01/04/18] 08:07:15 [ERROR] [Application]     at tryCatch (/home/ubuntu/workspace/NEA/node_modules/regenerator-runtime/runtime.js:65:40)
[01/04/18] 08:07:15 [ERROR] [Application]     at Generator.invoke [as _invoke] (/home/ubuntu/workspace/NEA/node_modules/regenerator-runtime/runtime.js:303:22)
[01/04/18] 08:07:15 [ERROR] [Application]     at Generator.prototype.(anonymous function) [as next] (/home/ubuntu/workspace/NEA/node_modules/regenerator-runtime/runtime.js:117:21)
[01/04/18] 08:07:15 [ERROR] [Application]     at step (/home/ubuntu/workspace/NEA/routes/admin.js:51:191)
[01/04/18] 08:07:15 [ERROR] [Application]     at /home/ubuntu/workspace/NEA/routes/admin.js:51:361
[01/04/18] 08:07:15 [ERROR] [Application]     at <anonymous>
[01/04/18] 08:07:16 [ERROR] [Application] TypeError: Cannot read property 'splice' of undefined
[01/04/18] 08:07:16 [ERROR] [Application]     at AdminRouter._callee10$ (/home/ubuntu/workspace/NEA/routes/admin.js:301:40)
[01/04/18] 08:07:16 [ERROR] [Application]     at tryCatch (/home/ubuntu/workspace/NEA/node_modules/regenerator-runtime/runtime.js:65:40)
[01/04/18] 08:07:16 [ERROR] [Application]     at Generator.invoke [as _invoke] (/home/ubuntu/workspace/NEA/node_modules/regenerator-runtime/runtime.js:303:22)
[01/04/18] 08:07:16 [ERROR] [Application]     at step (/home/ubuntu/workspace/NEA/routes/admin.js:51:191)
[01/04/18] 08:07:16 [ERROR] [Application]     at Generator.prototype.(anonymous function) [as next] (/home/ubuntu/workspace/NEA/node_modules/regenerator-runtime/runtime.js:117:21)
[01/04/18] 08:07:16 [ERROR] [Application]     at /home/ubuntu/workspace/NEA/routes/admin.js:51:361
[01/04/18] 08:07:16 [ERROR] [Application]     at <anonymous>
[01/04/18] 08:07:16 [ERROR] [Application]     at process._tickDomainCallback (internal/process/next_tick.js:228:7)
[01/04/18] 10:08:48 [ERROR] [Application]     at DataUpload._callee7$ (/home/ubuntu/workspace/NEA/models/data-upload.js:125:31)
[01/04/18] 10:08:48 [ERROR] [Application]     at Generator.invoke [as _invoke] (/home/ubuntu/workspace/NEA/node_modules/regenerator-runtime/runtime.js:303:22)
[01/04/18] 10:08:48 [ERROR] [Application]     at tryCatch (/home/ubuntu/workspace/NEA/node_modules/regenerator-runtime/runtime.js:65:40)
[01/04/18] 10:08:48 [ERROR] [Application]     at step (/home/ubuntu/workspace/NEA/models/data-upload.js:23:191)
[01/04/18] 10:08:48 [ERROR] [Application]     at /home/ubuntu/workspace/NEA/models/data-upload.js:23:361
[01/04/18] 10:08:48 [ERROR] [Application]     at <anonymous>
[01/04/18] 10:08:48 [ERROR] [Application]     at process._tickDomainCallback (internal/process/next_tick.js:228:7)
[01/04/18] 10:08:48 [ERROR] [Application] DeprecationWarning: Unhandled promise rejections are deprecated. In the future, promise rejections that are not handled will terminate the Node.js process with a non-zero exit code.
[01/04/18] 10:08:48 [ERROR] [Application]     at emitWarning (internal/process/promises.js:78:15)
[01/04/18] 10:08:48 [ERROR] [Application] TypeError: Cannot read property 'date' of undefined
[01/04/18] 10:08:48 [ERROR] [Application]     at emitPendingUnhandledRejections (internal/process/promises.js:95:11)
[01/04/18] 10:08:48 [ERROR] [Application]     at process._tickDomainCallback (internal/process/next_tick.js:229:7)
[01/04/18] 10:08:48 [ERROR] [Application]     at Generator.prototype.(anonymous function) [as next] (/home/ubuntu/workspace/NEA/node_modules/regenerator-runtime/runtime.js:117:21)
[23/06/18] 16:27:52 [ERROR] [Routes/DataUpload] ValidationError: location: Path `location` is required.
[23/06/18] 16:27:52 [ERROR] [Routes/DataUpload]     at /home/ubuntu/workspace/NEA/node_modules/mongoose/lib/document.js:1630:17
[23/06/18] 16:27:52 [ERROR] [Routes/DataUpload]     at /home/ubuntu/workspace/NEA/node_modules/mongoose/lib/schematype.js:808:9
[23/06/18] 16:27:52 [ERROR] [Routes/DataUpload]     at _combinedTickCallback (internal/process/next_tick.js:131:7)
[23/06/18] 16:27:52 [ERROR] [Routes/DataUpload]     at process._tickDomainCallback (internal/process/next_tick.js:218:9)
[23/06/18] 16:27:52 [ERROR] [Routes/DataUpload]     at new ValidationError (/home/ubuntu/workspace/NEA/node_modules/mongoose/lib/error/validation.js:27:11)
[23/06/18] 16:27:52 [ERROR] [Routes/DataUpload]     at model.Document.invalidate (/home/ubuntu/workspace/NEA/node_modules/mongoose/lib/document.js:1758:32)
[01/07/18] 21:57:22 [ERROR] [Application] TypeError: Cannot read property 'length' of undefined
[01/07/18] 21:57:22 [ERROR] [Application]     at /home/ubuntu/workspace/NEA/lib/validator.js:300:55
[01/07/18] 21:57:22 [ERROR] [Application]     at DataUploadRouter._validateNewLocationData (/home/ubuntu/workspace/NEA/routes/data-upload.js:275:38)
[01/07/18] 21:57:22 [ERROR] [Application]     at Array.forEach (<anonymous>)
[01/07/18] 21:57:22 [ERROR] [Application]     at DataUploadRouter._callee2$ (/home/ubuntu/workspace/NEA/routes/data-upload.js:51:32)
[01/07/18] 21:57:22 [ERROR] [Application]     at tryCatch (/home/ubuntu/workspace/NEA/node_modules/regenerator-runtime/runtime.js:65:40)
[01/07/18] 21:57:22 [ERROR] [Application]     at Generator.invoke [as _invoke] (/home/ubuntu/workspace/NEA/node_modules/regenerator-runtime/runtime.js:303:22)
[01/07/18] 21:57:22 [ERROR] [Application]     at Generator.prototype.(anonymous function) [as next] (/home/ubuntu/workspace/NEA/node_modules/regenerator-runtime/runtime.js:117:21)
[01/07/18] 21:57:22 [ERROR] [Application]     at step (/home/ubuntu/workspace/NEA/routes/data-upload.js:55:191)
[01/07/18] 21:57:22 [ERROR] [Application]     at /home/ubuntu/workspace/NEA/routes/data-upload.js:55:437
[01/07/18] 21:57:22 [ERROR] [Application]     at Function.validateLengths (/home/ubuntu/workspace/NEA/lib/validator.js:298:20)
[01/07/18] 21:57:22 [ERROR] [Application]     at new Promise (<anonymous>)
[01/07/18] 21:57:22 [ERROR] [Application]     at /home/ubuntu/workspace/NEA/routes/data-upload.js:55:99
[01/07/18] 21:57:22 [ERROR] [Application]     at /home/ubuntu/workspace/NEA/routes/data-upload.js:47:9
[01/07/18] 21:57:22 [ERROR] [Application]     at Layer.handle [as handle_request] (/home/ubuntu/workspace/NEA/node_modules/express/lib/router/layer.js:95:5)
[01/07/18] 21:57:22 [ERROR] [Application]     at next (/home/ubuntu/workspace/NEA/node_modules/express/lib/router/route.js:137:13)
[01/07/18] 21:57:22 [ERROR] [Application]     at Route.dispatch (/home/ubuntu/workspace/NEA/node_modules/express/lib/router/route.js:112:3)
[01/07/18] 21:57:22 [ERROR] [Application] DeprecationWarning: Unhandled promise rejections are deprecated. In the future, promise rejections that are not handled will terminate the Node.js process with a non-zero exit code.
[01/07/18] 21:57:22 [ERROR] [Application]     at emitWarning (internal/process/promises.js:78:15)
[01/07/18] 21:57:22 [ERROR] [Application]     at emitPendingUnhandledRejections (internal/process/promises.js:95:11)
[01/07/18] 21:57:22 [ERROR] [Application]     at runMicrotasksCallback (internal/process/next_tick.js:124:9)
[01/07/18] 21:57:22 [ERROR] [Application]     at _combinedTickCallback (internal/process/next_tick.js:131:7)
[01/07/18] 21:57:22 [ERROR] [Application]     at process._tickDomainCallback (internal/process/next_tick.js:218:9)
[01/07/18] 22:03:09 [ERROR] [Models/Location] Failed to create a new location: insertDocument :: caused by :: 11000 E11000 duplicate key error index: wildlife_website_db.locations.$locationName_1  dup key: { : "Test Location" }
[01/07/18] 22:03:21 [ERROR] [Models/Location] Failed to create a new location: insertDocument :: caused by :: 11000 E11000 duplicate key error index: wildlife_website_db.locations.$locationName_1  dup key: { : "Test Location" }
[12/07/18] 02:28:01 [ERROR] [Models/Location] Failed to create a new location: insertDocument :: caused by :: 11000 E11000 duplicate key error index: wildlife_website_db.locations.$locationName_1  dup key: { : "Test Location" }
[12/07/18] 02:48:34 [ERROR] [Models/Location] Failed to create a new location: insertDocument :: caused by :: 11000 E11000 duplicate key error index: wildlife_website_db.locations.$locationName_1  dup key: { : "Test Location" }
[10/08/18] 08:38:53 [ERROR] [Application] TypeError: Cannot read property 'length' of undefined
[10/08/18] 08:38:53 [ERROR] [Application]     at C:/Users/Matthew Lester/Desktop/Coding/VSCode Workspace/ARochaWildlifeSite/lib/validator.js:300:55
[10/08/18] 08:38:53 [ERROR] [Application]     at DataUploadRouter._validateNewGroupData (C:/Users/Matthew Lester/Desktop/Coding/VSCode Workspace/ARochaWildlifeSite/routes/data-upload.js:303:38)
[10/08/18] 08:38:53 [ERROR] [Application]     at Function.validateLengths (C:/Users/Matthew Lester/Desktop/Coding/VSCode Workspace/ARochaWildlifeSite/lib/validator.js:298:20)
[10/08/18] 08:38:53 [ERROR] [Application]     at DataUploadRouter._callee3$ (C:/Users/Matthew Lester/Desktop/Coding/VSCode Workspace/ARochaWildlifeSite/routes/data-upload.js:75:32)
[10/08/18] 08:38:53 [ERROR] [Application]     at tryCatch (C:\Users\Matthew Lester\Desktop\Coding\VSCode Workspace\ARochaWildlifeSite\node_modules\regenerator-runtime\runtime.js:65:40)
[10/08/18] 08:38:53 [ERROR] [Application]     at Generator.invoke [as _invoke] (C:\Users\Matthew Lester\Desktop\Coding\VSCode Workspace\ARochaWildlifeSite\node_modules\regenerator-runtime\runtime.js:303:22)
[10/08/18] 08:38:53 [ERROR] [Application]     at Generator.prototype.(anonymous function) [as next] (C:\Users\Matthew Lester\Desktop\Coding\VSCode Workspace\ARochaWildlifeSite\node_modules\regenerator-runtime\runtime.js:117:21)
[10/08/18] 08:38:53 [ERROR] [Application]     at step (C:\Users\Matthew Lester\Desktop\Coding\VSCode Workspace\ARochaWildlifeSite\routes\data-upload.js:55:191)
[10/08/18] 08:38:53 [ERROR] [Application]     at C:\Users\Matthew Lester\Desktop\Coding\VSCode Workspace\ARochaWildlifeSite\routes\data-upload.js:55:437
[10/08/18] 08:38:53 [ERROR] [Application]     at new Promise (<anonymous>)
[10/08/18] 08:38:53 [ERROR] [Application]     at C:\Users\Matthew Lester\Desktop\Coding\VSCode Workspace\ARochaWildlifeSite\routes\data-upload.js:55:99
[10/08/18] 08:38:53 [ERROR] [Application]     at C:/Users/Matthew Lester/Desktop/Coding/VSCode Workspace/ARochaWildlifeSite/routes/data-upload.js:71:9
[10/08/18] 08:38:53 [ERROR] [Application]     at Layer.handle [as handle_request] (C:\Users\Matthew Lester\Desktop\Coding\VSCode Workspace\ARochaWildlifeSite\node_modules\express\lib\router\layer.js:95:5)
[10/08/18] 08:38:53 [ERROR] [Application]     at next (C:\Users\Matthew Lester\Desktop\Coding\VSCode Workspace\ARochaWildlifeSite\node_modules\express\lib\router\route.js:137:13)
[10/08/18] 08:38:53 [ERROR] [Application]     at Array.forEach (<anonymous>)
[10/08/18] 08:38:53 [ERROR] [Application]     at Route.dispatch (C:\Users\Matthew Lester\Desktop\Coding\VSCode Workspace\ARochaWildlifeSite\node_modules\express\lib\router\route.js:112:3)
[10/08/18] 08:38:53 [ERROR] [Application] DeprecationWarning: Unhandled promise rejections are deprecated. In the future, promise rejections that are not handled will terminate the Node.js process with a non-zero exit code.
[10/08/18] 08:38:53 [ERROR] [Application]     at emitWarning (internal/process/promises.js:78:15)
[10/08/18] 08:38:53 [ERROR] [Application]     at emitPendingUnhandledRejections (internal/process/promises.js:95:11)
[10/08/18] 08:38:53 [ERROR] [Application]     at runMicrotasksCallback (internal/process/next_tick.js:124:9)
[10/08/18] 08:38:53 [ERROR] [Application]     at _combinedTickCallback (internal/process/next_tick.js:131:7)
[10/08/18] 08:38:53 [ERROR] [Application]     at process._tickDomainCallback (internal/process/next_tick.js:218:9)
[10/08/18] 08:41:17 [ERROR] [Application] ReferenceError: log is not defined
[10/08/18] 08:41:17 [ERROR] [Application]     at TaxonomicGroup._callee4$ (C:/Users/Matthew Lester/Desktop/Coding/VSCode Workspace/ARochaWildlifeSite/models/taxonomic-group.js:66:17)
[10/08/18] 08:41:17 [ERROR] [Application]     at tryCatch (C:\Users\Matthew Lester\Desktop\Coding\VSCode Workspace\ARochaWildlifeSite\node_modules\regenerator-runtime\runtime.js:65:40)
[10/08/18] 08:41:17 [ERROR] [Application]     at Generator.invoke [as _invoke] (C:\Users\Matthew Lester\Desktop\Coding\VSCode Workspace\ARochaWildlifeSite\node_modules\regenerator-runtime\runtime.js:303:22)
[10/08/18] 08:41:17 [ERROR] [Application]     at Generator.prototype.(anonymous function) [as next] (C:\Users\Matthew Lester\Desktop\Coding\VSCode Workspace\ARochaWildlifeSite\node_modules\regenerator-runtime\runtime.js:117:21)
[10/08/18] 08:41:17 [ERROR] [Application]     at step (C:\Users\Matthew Lester\Desktop\Coding\VSCode Workspace\ARochaWildlifeSite\models\taxonomic-group.js:27:191)
[10/08/18] 08:41:17 [ERROR] [Application]     at C:\Users\Matthew Lester\Desktop\Coding\VSCode Workspace\ARochaWildlifeSite\models\taxonomic-group.js:27:361
[10/08/18] 08:41:17 [ERROR] [Application]     at <anonymous>
[10/08/18] 08:41:17 [ERROR] [Application]     at process._tickDomainCallback (internal/process/next_tick.js:228:7)
[10/08/18] 08:41:17 [ERROR] [Application] DeprecationWarning: Unhandled promise rejections are deprecated. In the future, promise rejections that are not handled will terminate the Node.js process with a non-zero exit code.
[10/08/18] 08:41:17 [ERROR] [Application]     at emitWarning (internal/process/promises.js:78:15)
[10/08/18] 08:41:17 [ERROR] [Application]     at emitPendingUnhandledRejections (internal/process/promises.js:95:11)
[10/08/18] 08:41:17 [ERROR] [Application]     at process._tickDomainCallback (internal/process/next_tick.js:229:7)
[14/08/18] 22:43:16 [ERROR] [Application] ReferenceError: sendJSONResponse is not defined
[14/08/18] 22:43:16 [ERROR] [Application]     at DataUploadRouter._callee4$ (C:/Users/Matthew Lester/Desktop/Coding/VSCode Workspace/ARochaWildlifeSite/routes/data-upload.js:105:13)
[14/08/18] 22:43:16 [ERROR] [Application]     at tryCatch (C:\Users\Matthew Lester\Desktop\Coding\VSCode Workspace\ARochaWildlifeSite\node_modules\regenerator-runtime\runtime.js:65:40)
[14/08/18] 22:43:16 [ERROR] [Application]     at Generator.prototype.(anonymous function) [as next] (C:\Users\Matthew Lester\Desktop\Coding\VSCode Workspace\ARochaWildlifeSite\node_modules\regenerator-runtime\runtime.js:117:21)
[14/08/18] 22:43:16 [ERROR] [Application]     at Generator.invoke [as _invoke] (C:\Users\Matthew Lester\Desktop\Coding\VSCode Workspace\ARochaWildlifeSite\node_modules\regenerator-runtime\runtime.js:303:22)
[14/08/18] 22:43:16 [ERROR] [Application]     at step (C:\Users\Matthew Lester\Desktop\Coding\VSCode Workspace\ARochaWildlifeSite\routes\data-upload.js:55:191)
[14/08/18] 22:43:16 [ERROR] [Application]     at C:\Users\Matthew Lester\Desktop\Coding\VSCode Workspace\ARochaWildlifeSite\routes\data-upload.js:55:437
[14/08/18] 22:43:16 [ERROR] [Application]     at new Promise (<anonymous>)
[14/08/18] 22:43:16 [ERROR] [Application]     at C:\Users\Matthew Lester\Desktop\Coding\VSCode Workspace\ARochaWildlifeSite\routes\data-upload.js:55:99
[14/08/18] 22:43:16 [ERROR] [Application]     at next (C:\Users\Matthew Lester\Desktop\Coding\VSCode Workspace\ARochaWildlifeSite\node_modules\express\lib\router\route.js:137:13)
[14/08/18] 22:43:16 [ERROR] [Application]     at Layer.handle [as handle_request] (C:\Users\Matthew Lester\Desktop\Coding\VSCode Workspace\ARochaWildlifeSite\node_modules\express\lib\router\layer.js:95:5)
[14/08/18] 22:43:16 [ERROR] [Application]     at Route.dispatch (C:\Users\Matthew Lester\Desktop\Coding\VSCode Workspace\ARochaWildlifeSite\node_modules\express\lib\router\route.js:112:3)
[14/08/18] 22:43:16 [ERROR] [Application]     at Layer.handle [as handle_request] (C:\Users\Matthew Lester\Desktop\Coding\VSCode Workspace\ARochaWildlifeSite\node_modules\express\lib\router\layer.js:95:5)
[14/08/18] 22:43:16 [ERROR] [Application]     at C:/Users/Matthew Lester/Desktop/Coding/VSCode Workspace/ARochaWildlifeSite/routes/data-upload.js:94:9
[14/08/18] 22:43:16 [ERROR] [Application]     at C:\Users\Matthew Lester\Desktop\Coding\VSCode Workspace\ARochaWildlifeSite\node_modules\express\lib\router\index.js:281:22
[14/08/18] 22:43:16 [ERROR] [Application]     at Function.process_params (C:\Users\Matthew Lester\Desktop\Coding\VSCode Workspace\ARochaWildlifeSite\node_modules\express\lib\router\index.js:335:12)
[14/08/18] 22:43:16 [ERROR] [Application]     at next (C:\Users\Matthew Lester\Desktop\Coding\VSCode Workspace\ARochaWildlifeSite\node_modules\express\lib\router\index.js:275:10)
[14/08/18] 22:43:16 [ERROR] [Application] DeprecationWarning: Unhandled promise rejections are deprecated. In the future, promise rejections that are not handled will terminate the Node.js process with a non-zero exit code.
[14/08/18] 22:43:16 [ERROR] [Application]     at emitWarning (internal/process/promises.js:78:15)
[14/08/18] 22:43:16 [ERROR] [Application]     at emitPendingUnhandledRejections (internal/process/promises.js:95:11)
[14/08/18] 22:43:16 [ERROR] [Application]     at runMicrotasksCallback (internal/process/next_tick.js:124:9)
[14/08/18] 22:43:16 [ERROR] [Application]     at _combinedTickCallback (internal/process/next_tick.js:131:7)
[14/08/18] 22:43:16 [ERROR] [Application]     at process._tickDomainCallback (internal/process/next_tick.js:218:9)
[18/08/18] 11:55:02 [ERROR] [Application] TypeError: log.success is not a function
[18/08/18] 11:55:02 [ERROR] [Application]     at DataUploadRouter._callee4$ (C:/Users/Matthew Lester/Desktop/Coding/VSCode Workspace/ARochaWildlifeSite/routes/data-upload.js:114:17)
[18/08/18] 11:55:02 [ERROR] [Application]     at tryCatch (C:\Users\Matthew Lester\Desktop\Coding\VSCode Workspace\ARochaWildlifeSite\node_modules\regenerator-runtime\runtime.js:65:40)
[18/08/18] 11:55:02 [ERROR] [Application]     at Generator.prototype.(anonymous function) [as next] (C:\Users\Matthew Lester\Desktop\Coding\VSCode Workspace\ARochaWildlifeSite\node_modules\regenerator-runtime\runtime.js:117:21)
[18/08/18] 11:55:02 [ERROR] [Application]     at step (C:\Users\Matthew Lester\Desktop\Coding\VSCode Workspace\ARochaWildlifeSite\routes\data-upload.js:55:191)
[18/08/18] 11:55:02 [ERROR] [Application]     at Generator.invoke [as _invoke] (C:\Users\Matthew Lester\Desktop\Coding\VSCode Workspace\ARochaWildlifeSite\node_modules\regenerator-runtime\runtime.js:303:22)
[18/08/18] 11:55:02 [ERROR] [Application]     at C:\Users\Matthew Lester\Desktop\Coding\VSCode Workspace\ARochaWildlifeSite\routes\data-upload.js:55:437
[18/08/18] 11:55:02 [ERROR] [Application]     at new Promise (<anonymous>)
[18/08/18] 11:55:02 [ERROR] [Application]     at C:\Users\Matthew Lester\Desktop\Coding\VSCode Workspace\ARochaWildlifeSite\routes\data-upload.js:55:99
[18/08/18] 11:55:02 [ERROR] [Application]     at C:/Users/Matthew Lester/Desktop/Coding/VSCode Workspace/ARochaWildlifeSite/routes/data-upload.js:94:9
[18/08/18] 11:55:02 [ERROR] [Application]     at Layer.handle [as handle_request] (C:\Users\Matthew Lester\Desktop\Coding\VSCode Workspace\ARochaWildlifeSite\node_modules\express\lib\router\layer.js:95:5)
[18/08/18] 11:55:02 [ERROR] [Application]     at next (C:\Users\Matthew Lester\Desktop\Coding\VSCode Workspace\ARochaWildlifeSite\node_modules\express\lib\router\route.js:137:13)
[18/08/18] 11:55:02 [ERROR] [Application]     at Route.dispatch (C:\Users\Matthew Lester\Desktop\Coding\VSCode Workspace\ARochaWildlifeSite\node_modules\express\lib\router\route.js:112:3)
[18/08/18] 11:55:02 [ERROR] [Application]     at Layer.handle [as handle_request] (C:\Users\Matthew Lester\Desktop\Coding\VSCode Workspace\ARochaWildlifeSite\node_modules\express\lib\router\layer.js:95:5)
[18/08/18] 11:55:02 [ERROR] [Application]     at C:\Users\Matthew Lester\Desktop\Coding\VSCode Workspace\ARochaWildlifeSite\node_modules\express\lib\router\index.js:281:22
[18/08/18] 11:55:02 [ERROR] [Application]     at Function.process_params (C:\Users\Matthew Lester\Desktop\Coding\VSCode Workspace\ARochaWildlifeSite\node_modules\express\lib\router\index.js:335:12)
[18/08/18] 11:55:02 [ERROR] [Application]     at next (C:\Users\Matthew Lester\Desktop\Coding\VSCode Workspace\ARochaWildlifeSite\node_modules\express\lib\router\index.js:275:10)
[18/08/18] 11:55:02 [ERROR] [Application] DeprecationWarning: Unhandled promise rejections are deprecated. In the future, promise rejections that are not handled will terminate the Node.js process with a non-zero exit code.
[18/08/18] 11:55:02 [ERROR] [Application]     at emitWarning (internal/process/promises.js:78:15)
[18/08/18] 11:55:02 [ERROR] [Application]     at emitPendingUnhandledRejections (internal/process/promises.js:95:11)
[18/08/18] 11:55:02 [ERROR] [Application]     at runMicrotasksCallback (internal/process/next_tick.js:124:9)
[18/08/18] 11:55:02 [ERROR] [Application]     at _combinedTickCallback (internal/process/next_tick.js:131:7)
[18/08/18] 11:55:02 [ERROR] [Application]     at process._tickDomainCallback (internal/process/next_tick.js:218:9)
[18/08/18] 14:24:05 [ERROR] [Application] ReferenceError: observers is not defined
[18/08/18] 14:24:05 [ERROR] [Application]     at DataUploadRouter._callee4$ (C:/Users/Matthew Lester/Desktop/Coding/VSCode Workspace/ARochaWildlifeSite/routes/data-upload.js:131:17)
[18/08/18] 14:24:05 [ERROR] [Application]     at tryCatch (C:\Users\Matthew Lester\Desktop\Coding\VSCode Workspace\ARochaWildlifeSite\node_modules\regenerator-runtime\runtime.js:65:40)
[18/08/18] 14:24:05 [ERROR] [Application]     at Generator.invoke [as _invoke] (C:\Users\Matthew Lester\Desktop\Coding\VSCode Workspace\ARochaWildlifeSite\node_modules\regenerator-runtime\runtime.js:303:22)
[18/08/18] 14:24:05 [ERROR] [Application]     at Generator.prototype.(anonymous function) [as next] (C:\Users\Matthew Lester\Desktop\Coding\VSCode Workspace\ARochaWildlifeSite\node_modules\regenerator-runtime\runtime.js:117:21)
[18/08/18] 14:24:05 [ERROR] [Application]     at step (C:\Users\Matthew Lester\Desktop\Coding\VSCode Workspace\ARochaWildlifeSite\routes\data-upload.js:55:191)
[18/08/18] 14:24:05 [ERROR] [Application]     at C:\Users\Matthew Lester\Desktop\Coding\VSCode Workspace\ARochaWildlifeSite\routes\data-upload.js:55:361
[18/08/18] 14:24:05 [ERROR] [Application]     at <anonymous>
[18/08/18] 14:24:05 [ERROR] [Application]     at process._tickDomainCallback (internal/process/next_tick.js:228:7)
[18/08/18] 14:24:05 [ERROR] [Application] DeprecationWarning: Unhandled promise rejections are deprecated. In the future, promise rejections that are not handled will terminate the Node.js process with a non-zero exit code.
[18/08/18] 14:24:05 [ERROR] [Application]     at emitWarning (internal/process/promises.js:78:15)
[18/08/18] 14:24:05 [ERROR] [Application]     at emitPendingUnhandledRejections (internal/process/promises.js:95:11)
[18/08/18] 14:24:05 [ERROR] [Application]     at process._tickDomainCallback (internal/process/next_tick.js:229:7)
[18/08/18] 14:25:41 [ERROR] [Application] TypeError: dataUpload.createUpload is not a function
[18/08/18] 14:25:41 [ERROR] [Application]     at DataUploadRouter._callee4$ (C:/Users/Matthew Lester/Desktop/Coding/VSCode Workspace/ARochaWildlifeSite/routes/data-upload.js:137:50)
[18/08/18] 14:25:41 [ERROR] [Application]     at tryCatch (C:\Users\Matthew Lester\Desktop\Coding\VSCode Workspace\ARochaWildlifeSite\node_modules\regenerator-runtime\runtime.js:65:40)
[18/08/18] 14:25:41 [ERROR] [Application]     at Generator.invoke [as _invoke] (C:\Users\Matthew Lester\Desktop\Coding\VSCode Workspace\ARochaWildlifeSite\node_modules\regenerator-runtime\runtime.js:303:22)
[18/08/18] 14:25:41 [ERROR] [Application]     at Generator.prototype.(anonymous function) [as next] (C:\Users\Matthew Lester\Desktop\Coding\VSCode Workspace\ARochaWildlifeSite\node_modules\regenerator-runtime\runtime.js:117:21)
[18/08/18] 14:25:41 [ERROR] [Application]     at C:\Users\Matthew Lester\Desktop\Coding\VSCode Workspace\ARochaWildlifeSite\routes\data-upload.js:55:361
[18/08/18] 14:25:41 [ERROR] [Application]     at <anonymous>
[18/08/18] 14:25:41 [ERROR] [Application]     at step (C:\Users\Matthew Lester\Desktop\Coding\VSCode Workspace\ARochaWildlifeSite\routes\data-upload.js:55:191)
[18/08/18] 14:25:41 [ERROR] [Application]     at process._tickDomainCallback (internal/process/next_tick.js:228:7)
[18/08/18] 14:25:41 [ERROR] [Application] DeprecationWarning: Unhandled promise rejections are deprecated. In the future, promise rejections that are not handled will terminate the Node.js process with a non-zero exit code.
[18/08/18] 14:25:41 [ERROR] [Application]     at emitWarning (internal/process/promises.js:78:15)
[18/08/18] 14:25:41 [ERROR] [Application]     at emitPendingUnhandledRejections (internal/process/promises.js:95:11)
[18/08/18] 14:25:41 [ERROR] [Application]     at process._tickDomainCallback (internal/process/next_tick.js:229:7)
[24/08/18] 00:09:02 [ERROR] [Application] Error: Failed to find a taxonomic group by id (maybe it doesn't exist?)
[24/08/18] 00:09:02 [ERROR] [Application]     at TaxonomicGroup._callee4$ (C:/Users/Matthew Lester/Desktop/Coding/VSCode Workspace/ARochaWildlifeSite/models/taxonomic-group.js:80:23)
[24/08/18] 00:09:02 [ERROR] [Application]     at tryCatch (C:\Users\Matthew Lester\Desktop\Coding\VSCode Workspace\ARochaWildlifeSite\node_modules\regenerator-runtime\runtime.js:65:40)
[24/08/18] 00:09:02 [ERROR] [Application]     at Generator.prototype.(anonymous function) [as next] (C:\Users\Matthew Lester\Desktop\Coding\VSCode Workspace\ARochaWildlifeSite\node_modules\regenerator-runtime\runtime.js:117:21)
[24/08/18] 00:09:02 [ERROR] [Application]     at step (C:\Users\Matthew Lester\Desktop\Coding\VSCode Workspace\ARochaWildlifeSite\models\taxonomic-group.js:27:191)
[24/08/18] 00:09:02 [ERROR] [Application]     at C:\Users\Matthew Lester\Desktop\Coding\VSCode Workspace\ARochaWildlifeSite\models\taxonomic-group.js:27:361
[24/08/18] 00:09:02 [ERROR] [Application] DeprecationWarning: Unhandled promise rejections are deprecated. In the future, promise rejections that are not handled will terminate the Node.js process with a non-zero exit code.
[24/08/18] 00:09:02 [ERROR] [Application]     at <anonymous>
[24/08/18] 00:09:02 [ERROR] [Application]     at emitWarning (internal/process/promises.js:78:15)
[24/08/18] 00:09:02 [ERROR] [Application]     at emitPendingUnhandledRejections (internal/process/promises.js:95:11)
[24/08/18] 00:09:02 [ERROR] [Application]     at runMicrotasksCallback (internal/process/next_tick.js:124:9)
[24/08/18] 00:09:02 [ERROR] [Application]     at _combinedTickCallback (internal/process/next_tick.js:131:7)
[24/08/18] 00:09:02 [ERROR] [Application]     at process._tickDomainCallback (internal/process/next_tick.js:218:9)
[24/08/18] 00:09:02 [ERROR] [Application]     at Generator.invoke [as _invoke] (C:\Users\Matthew Lester\Desktop\Coding\VSCode Workspace\ARochaWildlifeSite\node_modules\regenerator-runtime\runtime.js:303:22)
[24/08/18] 00:09:03 [ERROR] [Application] Error: Failed to find a taxonomic group by id (maybe it doesn't exist?)
[24/08/18] 00:09:03 [ERROR] [Application]     at TaxonomicGroup._callee4$ (C:/Users/Matthew Lester/Desktop/Coding/VSCode Workspace/ARochaWildlifeSite/models/taxonomic-group.js:80:23)
[24/08/18] 00:09:03 [ERROR] [Application]     at Generator.prototype.(anonymous function) [as next] (C:\Users\Matthew Lester\Desktop\Coding\VSCode Workspace\ARochaWildlifeSite\node_modules\regenerator-runtime\runtime.js:117:21)
[24/08/18] 00:09:03 [ERROR] [Application]     at step (C:\Users\Matthew Lester\Desktop\Coding\VSCode Workspace\ARochaWildlifeSite\models\taxonomic-group.js:27:191)
[24/08/18] 00:09:03 [ERROR] [Application]     at C:\Users\Matthew Lester\Desktop\Coding\VSCode Workspace\ARochaWildlifeSite\models\taxonomic-group.js:27:361
[24/08/18] 00:09:03 [ERROR] [Application]     at <anonymous>
[24/08/18] 00:09:03 [ERROR] [Application]     at process._tickDomainCallback (internal/process/next_tick.js:228:7)
[24/08/18] 00:09:03 [ERROR] [Application]     at Generator.invoke [as _invoke] (C:\Users\Matthew Lester\Desktop\Coding\VSCode Workspace\ARochaWildlifeSite\node_modules\regenerator-runtime\runtime.js:303:22)
[24/08/18] 00:09:03 [ERROR] [Application] Error: Failed to find a taxonomic group by id (maybe it doesn't exist?)
[24/08/18] 00:09:03 [ERROR] [Application]     at TaxonomicGroup._callee4$ (C:/Users/Matthew Lester/Desktop/Coding/VSCode Workspace/ARochaWildlifeSite/models/taxonomic-group.js:80:23)
[24/08/18] 00:09:03 [ERROR] [Application]     at tryCatch (C:\Users\Matthew Lester\Desktop\Coding\VSCode Workspace\ARochaWildlifeSite\node_modules\regenerator-runtime\runtime.js:65:40)
[24/08/18] 00:09:03 [ERROR] [Application]     at Generator.invoke [as _invoke] (C:\Users\Matthew Lester\Desktop\Coding\VSCode Workspace\ARochaWildlifeSite\node_modules\regenerator-runtime\runtime.js:303:22)
[24/08/18] 00:09:03 [ERROR] [Application]     at Generator.prototype.(anonymous function) [as next] (C:\Users\Matthew Lester\Desktop\Coding\VSCode Workspace\ARochaWildlifeSite\node_modules\regenerator-runtime\runtime.js:117:21)
[24/08/18] 00:09:03 [ERROR] [Application]     at step (C:\Users\Matthew Lester\Desktop\Coding\VSCode Workspace\ARochaWildlifeSite\models\taxonomic-group.js:27:191)
[24/08/18] 00:09:03 [ERROR] [Application]     at C:\Users\Matthew Lester\Desktop\Coding\VSCode Workspace\ARochaWildlifeSite\models\taxonomic-group.js:27:361
[24/08/18] 00:09:03 [ERROR] [Application]     at <anonymous>
[24/08/18] 00:09:03 [ERROR] [Application]     at process._tickDomainCallback (internal/process/next_tick.js:228:7)
[24/08/18] 00:09:03 [ERROR] [Application]     at tryCatch (C:\Users\Matthew Lester\Desktop\Coding\VSCode Workspace\ARochaWildlifeSite\node_modules\regenerator-runtime\runtime.js:65:40)
[24/08/18] 00:09:49 [ERROR] [Application] Error: Failed to find a taxonomic group by id (maybe it doesn't exist?)
[24/08/18] 00:09:49 [ERROR] [Application]     at TaxonomicGroup._callee4$ (C:/Users/Matthew Lester/Desktop/Coding/VSCode Workspace/ARochaWildlifeSite/models/taxonomic-group.js:80:23)
[24/08/18] 00:09:49 [ERROR] [Application]     at tryCatch (C:\Users\Matthew Lester\Desktop\Coding\VSCode Workspace\ARochaWildlifeSite\node_modules\regenerator-runtime\runtime.js:65:40)
[24/08/18] 00:09:49 [ERROR] [Application]     at Generator.invoke [as _invoke] (C:\Users\Matthew Lester\Desktop\Coding\VSCode Workspace\ARochaWildlifeSite\node_modules\regenerator-runtime\runtime.js:303:22)
[24/08/18] 00:09:49 [ERROR] [Application]     at Generator.prototype.(anonymous function) [as next] (C:\Users\Matthew Lester\Desktop\Coding\VSCode Workspace\ARochaWildlifeSite\node_modules\regenerator-runtime\runtime.js:117:21)
[24/08/18] 00:09:49 [ERROR] [Application]     at step (C:\Users\Matthew Lester\Desktop\Coding\VSCode Workspace\ARochaWildlifeSite\models\taxonomic-group.js:27:191)
[24/08/18] 00:09:49 [ERROR] [Application]     at C:\Users\Matthew Lester\Desktop\Coding\VSCode Workspace\ARochaWildlifeSite\models\taxonomic-group.js:27:361
[24/08/18] 00:09:49 [ERROR] [Application]     at <anonymous>
[24/08/18] 00:09:49 [ERROR] [Application]     at process._tickDomainCallback (internal/process/next_tick.js:228:7)
[24/08/18] 00:09:49 [ERROR] [Application] Error: Failed to find a taxonomic group by id (maybe it doesn't exist?)
[24/08/18] 00:09:49 [ERROR] [Application]     at TaxonomicGroup._callee4$ (C:/Users/Matthew Lester/Desktop/Coding/VSCode Workspace/ARochaWildlifeSite/models/taxonomic-group.js:80:23)
[24/08/18] 00:09:49 [ERROR] [Application]     at tryCatch (C:\Users\Matthew Lester\Desktop\Coding\VSCode Workspace\ARochaWildlifeSite\node_modules\regenerator-runtime\runtime.js:65:40)
[24/08/18] 00:09:49 [ERROR] [Application]     at Generator.invoke [as _invoke] (C:\Users\Matthew Lester\Desktop\Coding\VSCode Workspace\ARochaWildlifeSite\node_modules\regenerator-runtime\runtime.js:303:22)
[24/08/18] 00:09:49 [ERROR] [Application]     at Generator.prototype.(anonymous function) [as next] (C:\Users\Matthew Lester\Desktop\Coding\VSCode Workspace\ARochaWildlifeSite\node_modules\regenerator-runtime\runtime.js:117:21)
[24/08/18] 00:09:49 [ERROR] [Application]     at step (C:\Users\Matthew Lester\Desktop\Coding\VSCode Workspace\ARochaWildlifeSite\models\taxonomic-group.js:27:191)
[24/08/18] 00:09:49 [ERROR] [Application]     at C:\Users\Matthew Lester\Desktop\Coding\VSCode Workspace\ARochaWildlifeSite\models\taxonomic-group.js:27:361
[24/08/18] 00:09:49 [ERROR] [Application]     at <anonymous>
[24/08/18] 00:09:49 [ERROR] [Application]     at process._tickDomainCallback (internal/process/next_tick.js:228:7)
[24/08/18] 00:09:49 [ERROR] [Application] Error: Failed to find a taxonomic group by id (maybe it doesn't exist?)
[24/08/18] 00:09:49 [ERROR] [Application]     at TaxonomicGroup._callee4$ (C:/Users/Matthew Lester/Desktop/Coding/VSCode Workspace/ARochaWildlifeSite/models/taxonomic-group.js:80:23)
[24/08/18] 00:09:49 [ERROR] [Application]     at tryCatch (C:\Users\Matthew Lester\Desktop\Coding\VSCode Workspace\ARochaWildlifeSite\node_modules\regenerator-runtime\runtime.js:65:40)
[24/08/18] 00:09:49 [ERROR] [Application]     at Generator.invoke [as _invoke] (C:\Users\Matthew Lester\Desktop\Coding\VSCode Workspace\ARochaWildlifeSite\node_modules\regenerator-runtime\runtime.js:303:22)
[24/08/18] 00:09:49 [ERROR] [Application]     at Generator.prototype.(anonymous function) [as next] (C:\Users\Matthew Lester\Desktop\Coding\VSCode Workspace\ARochaWildlifeSite\node_modules\regenerator-runtime\runtime.js:117:21)
[24/08/18] 00:09:49 [ERROR] [Application]     at step (C:\Users\Matthew Lester\Desktop\Coding\VSCode Workspace\ARochaWildlifeSite\models\taxonomic-group.js:27:191)
[24/08/18] 00:09:49 [ERROR] [Application]     at C:\Users\Matthew Lester\Desktop\Coding\VSCode Workspace\ARochaWildlifeSite\models\taxonomic-group.js:27:361
[24/08/18] 00:09:49 [ERROR] [Application]     at <anonymous>
[24/08/18] 00:09:49 [ERROR] [Application]     at process._tickDomainCallback (internal/process/next_tick.js:228:7)
[24/08/18] 00:10:08 [ERROR] [Application] Error: Failed to find a taxonomic group by id (maybe it doesn't exist?)
[24/08/18] 00:10:08 [ERROR] [Application]     at TaxonomicGroup._callee4$ (C:/Users/Matthew Lester/Desktop/Coding/VSCode Workspace/ARochaWildlifeSite/models/taxonomic-group.js:80:23)
[24/08/18] 00:10:08 [ERROR] [Application]     at tryCatch (C:\Users\Matthew Lester\Desktop\Coding\VSCode Workspace\ARochaWildlifeSite\node_modules\regenerator-runtime\runtime.js:65:40)
[24/08/18] 00:10:08 [ERROR] [Application]     at Generator.invoke [as _invoke] (C:\Users\Matthew Lester\Desktop\Coding\VSCode Workspace\ARochaWildlifeSite\node_modules\regenerator-runtime\runtime.js:303:22)
[24/08/18] 00:10:08 [ERROR] [Application]     at Generator.prototype.(anonymous function) [as next] (C:\Users\Matthew Lester\Desktop\Coding\VSCode Workspace\ARochaWildlifeSite\node_modules\regenerator-runtime\runtime.js:117:21)
[24/08/18] 00:10:08 [ERROR] [Application]     at step (C:\Users\Matthew Lester\Desktop\Coding\VSCode Workspace\ARochaWildlifeSite\models\taxonomic-group.js:27:191)
[24/08/18] 00:10:08 [ERROR] [Application]     at C:\Users\Matthew Lester\Desktop\Coding\VSCode Workspace\ARochaWildlifeSite\models\taxonomic-group.js:27:361
[24/08/18] 00:10:08 [ERROR] [Application]     at <anonymous>
[24/08/18] 00:10:08 [ERROR] [Application]     at process._tickDomainCallback (internal/process/next_tick.js:228:7)
[24/08/18] 00:10:08 [ERROR] [Application] Error: Failed to find a taxonomic group by id (maybe it doesn't exist?)
[24/08/18] 00:10:08 [ERROR] [Application]     at TaxonomicGroup._callee4$ (C:/Users/Matthew Lester/Desktop/Coding/VSCode Workspace/ARochaWildlifeSite/models/taxonomic-group.js:80:23)
[24/08/18] 00:10:08 [ERROR] [Application]     at tryCatch (C:\Users\Matthew Lester\Desktop\Coding\VSCode Workspace\ARochaWildlifeSite\node_modules\regenerator-runtime\runtime.js:65:40)
[24/08/18] 00:10:08 [ERROR] [Application]     at Generator.invoke [as _invoke] (C:\Users\Matthew Lester\Desktop\Coding\VSCode Workspace\ARochaWildlifeSite\node_modules\regenerator-runtime\runtime.js:303:22)
[24/08/18] 00:10:08 [ERROR] [Application]     at Generator.prototype.(anonymous function) [as next] (C:\Users\Matthew Lester\Desktop\Coding\VSCode Workspace\ARochaWildlifeSite\node_modules\regenerator-runtime\runtime.js:117:21)
[24/08/18] 00:10:08 [ERROR] [Application]     at step (C:\Users\Matthew Lester\Desktop\Coding\VSCode Workspace\ARochaWildlifeSite\models\taxonomic-group.js:27:191)
[24/08/18] 00:10:08 [ERROR] [Application]     at C:\Users\Matthew Lester\Desktop\Coding\VSCode Workspace\ARochaWildlifeSite\models\taxonomic-group.js:27:361
[24/08/18] 00:10:08 [ERROR] [Application]     at <anonymous>
[24/08/18] 00:10:08 [ERROR] [Application]     at process._tickDomainCallback (internal/process/next_tick.js:228:7)
[24/08/18] 00:10:08 [ERROR] [Application] Error: Failed to find a taxonomic group by id (maybe it doesn't exist?)
[24/08/18] 00:10:08 [ERROR] [Application]     at TaxonomicGroup._callee4$ (C:/Users/Matthew Lester/Desktop/Coding/VSCode Workspace/ARochaWildlifeSite/models/taxonomic-group.js:80:23)
[24/08/18] 00:10:08 [ERROR] [Application]     at tryCatch (C:\Users\Matthew Lester\Desktop\Coding\VSCode Workspace\ARochaWildlifeSite\node_modules\regenerator-runtime\runtime.js:65:40)
[24/08/18] 00:10:08 [ERROR] [Application]     at Generator.invoke [as _invoke] (C:\Users\Matthew Lester\Desktop\Coding\VSCode Workspace\ARochaWildlifeSite\node_modules\regenerator-runtime\runtime.js:303:22)
[24/08/18] 00:10:08 [ERROR] [Application]     at Generator.prototype.(anonymous function) [as next] (C:\Users\Matthew Lester\Desktop\Coding\VSCode Workspace\ARochaWildlifeSite\node_modules\regenerator-runtime\runtime.js:117:21)
[24/08/18] 00:10:08 [ERROR] [Application]     at step (C:\Users\Matthew Lester\Desktop\Coding\VSCode Workspace\ARochaWildlifeSite\models\taxonomic-group.js:27:191)
[24/08/18] 00:10:08 [ERROR] [Application]     at C:\Users\Matthew Lester\Desktop\Coding\VSCode Workspace\ARochaWildlifeSite\models\taxonomic-group.js:27:361
[24/08/18] 00:10:08 [ERROR] [Application]     at <anonymous>
[24/08/18] 00:20:40 [ERROR] [Models/DataUpload] Failed to find tgroup by id.
[24/08/18] 00:20:41 [ERROR] [Models/DataUpload] Failed to find tgroup by id.
[24/08/18] 00:20:41 [ERROR] [Models/DataUpload] Failed to find tgroup by id.
[24/08/18] 00:24:23 [ERROR] [Routes/DataReview] Failed to construct species data: lModel.findGroupByID is not a function
[24/08/18] 00:24:23 [ERROR] [Application] Error: Can't set headers after they are sent.
[24/08/18] 00:24:23 [ERROR] [Application]     at validateHeader (_http_outgoing.js:494:11)
[24/08/18] 00:24:23 [ERROR] [Application]     at ServerResponse.setHeader (_http_outgoing.js:501:3)
[24/08/18] 00:24:23 [ERROR] [Application]     at Function.sendJSONResponse (C:/Users/Matthew Lester/Desktop/Coding/VSCode Workspace/ARochaWildlifeSite/lib/utils.js:44:18)
[24/08/18] 00:24:23 [ERROR] [Application]     at DataReviewRouter._callee2$ (C:/Users/Matthew Lester/Desktop/Coding/VSCode Workspace/ARochaWildlifeSite/routes/data-review.js:119:19)
[24/08/18] 00:24:23 [ERROR] [Application]     at tryCatch (C:\Users\Matthew Lester\Desktop\Coding\VSCode Workspace\ARochaWildlifeSite\node_modules\regenerator-runtime\runtime.js:65:40)
[24/08/18] 00:24:23 [ERROR] [Application]     at Generator.invoke [as _invoke] (C:\Users\Matthew Lester\Desktop\Coding\VSCode Workspace\ARochaWildlifeSite\node_modules\regenerator-runtime\runtime.js:303:22)
[24/08/18] 00:24:23 [ERROR] [Application]     at Generator.prototype.(anonymous function) [as next] (C:\Users\Matthew Lester\Desktop\Coding\VSCode Workspace\ARochaWildlifeSite\node_modules\regenerator-runtime\runtime.js:117:21)
[24/08/18] 00:24:23 [ERROR] [Application]     at step (C:\Users\Matthew Lester\Desktop\Coding\VSCode Workspace\ARochaWildlifeSite\routes\data-review.js:51:191)
[24/08/18] 00:24:23 [ERROR] [Application]     at C:\Users\Matthew Lester\Desktop\Coding\VSCode Workspace\ARochaWildlifeSite\routes\data-review.js:51:361
[24/08/18] 00:24:23 [ERROR] [Application]     at <anonymous>
[24/08/18] 00:24:23 [ERROR] [Application]     at process._tickDomainCallback (internal/process/next_tick.js:228:7)
[24/08/18] 00:24:23 [ERROR] [Application] DeprecationWarning: Unhandled promise rejections are deprecated. In the future, promise rejections that are not handled will terminate the Node.js process with a non-zero exit code.
[24/08/18] 00:24:23 [ERROR] [Application]     at emitWarning (internal/process/promises.js:78:15)
[24/08/18] 00:24:23 [ERROR] [Application]     at emitPendingUnhandledRejections (internal/process/promises.js:95:11)
[24/08/18] 00:24:23 [ERROR] [Application]     at process._tickDomainCallback (internal/process/next_tick.js:229:7)
[24/08/18] 00:29:27 [ERROR] [Routes/DataReview] Failed to construct species data: locationName is not defined
[24/08/18] 00:30:08 [ERROR] [Routes/DataReview] Failed to construct species data: locationName is not defined
[24/08/18] 00:33:37 [ERROR] [Routes/DataReview] Failed to construct species data: locationName is not defined
[24/08/18] 00:34:09 [ERROR] [Routes/DataReview] Failed to construct species data: locationName is not defined
[28/08/18] 10:33:49 [ERROR] [Routes/DataReview] Failed to find locations: sendJSONResponse is not defined
[28/08/18] 10:33:49 [ERROR] [Application]     at DataReviewRouter._callee2$ (C:/Users/Matthew Lester/Desktop/Coding/VSCode Workspace/ARochaWildlifeSite/routes/data-review.js:48:17)
[28/08/18] 10:33:49 [ERROR] [Application]     at tryCatch (C:\Users\Matthew Lester\Desktop\Coding\VSCode Workspace\ARochaWildlifeSite\node_modules\regenerator-runtime\runtime.js:65:40)
[28/08/18] 10:33:49 [ERROR] [Application]     at Generator.invoke [as _invoke] (C:\Users\Matthew Lester\Desktop\Coding\VSCode Workspace\ARochaWildlifeSite\node_modules\regenerator-runtime\runtime.js:303:22)
[28/08/18] 10:33:49 [ERROR] [Application] ReferenceError: sendJSONResponse is not defined
[28/08/18] 10:33:49 [ERROR] [Application]     at Generator.prototype.(anonymous function) [as next] (C:\Users\Matthew Lester\Desktop\Coding\VSCode Workspace\ARochaWildlifeSite\node_modules\regenerator-runtime\runtime.js:117:21)
[28/08/18] 10:33:49 [ERROR] [Application]     at step (C:\Users\Matthew Lester\Desktop\Coding\VSCode Workspace\ARochaWildlifeSite\routes\data-review.js:51:191)
[28/08/18] 10:33:49 [ERROR] [Application]     at C:\Users\Matthew Lester\Desktop\Coding\VSCode Workspace\ARochaWildlifeSite\routes\data-review.js:51:361
[28/08/18] 10:33:49 [ERROR] [Application]     at <anonymous>
[28/08/18] 10:33:49 [ERROR] [Application] DeprecationWarning: Unhandled promise rejections are deprecated. In the future, promise rejections that are not handled will terminate the Node.js process with a non-zero exit code.
[28/08/18] 10:33:49 [ERROR] [Application]     at emitWarning (internal/process/promises.js:78:15)
[28/08/18] 10:33:49 [ERROR] [Application]     at emitPendingUnhandledRejections (internal/process/promises.js:95:11)
[28/08/18] 10:33:49 [ERROR] [Application]     at process._tickDomainCallback (internal/process/next_tick.js:229:7)
[28/08/18] 10:33:49 [ERROR] [Application]     at process._tickDomainCallback (internal/process/next_tick.js:228:7)
[28/08/18] 10:35:01 [ERROR] [Routes/DataReview] Failed to find locations: sendJSONResponse is not defined
[28/08/18] 10:35:01 [ERROR] [Application] ReferenceError: sendJSONResponse is not defined
[28/08/18] 10:35:01 [ERROR] [Application]     at DataReviewRouter._callee2$ (C:/Users/Matthew Lester/Desktop/Coding/VSCode Workspace/ARochaWildlifeSite/routes/data-review.js:48:17)
[28/08/18] 10:35:01 [ERROR] [Application]     at tryCatch (C:\Users\Matthew Lester\Desktop\Coding\VSCode Workspace\ARochaWildlifeSite\node_modules\regenerator-runtime\runtime.js:65:40)
[28/08/18] 10:35:01 [ERROR] [Application]     at Generator.invoke [as _invoke] (C:\Users\Matthew Lester\Desktop\Coding\VSCode Workspace\ARochaWildlifeSite\node_modules\regenerator-runtime\runtime.js:303:22)
[28/08/18] 10:35:01 [ERROR] [Application]     at Generator.prototype.(anonymous function) [as next] (C:\Users\Matthew Lester\Desktop\Coding\VSCode Workspace\ARochaWildlifeSite\node_modules\regenerator-runtime\runtime.js:117:21)
[28/08/18] 10:35:01 [ERROR] [Application]     at step (C:\Users\Matthew Lester\Desktop\Coding\VSCode Workspace\ARochaWildlifeSite\routes\data-review.js:51:191)
[28/08/18] 10:35:01 [ERROR] [Application]     at C:\Users\Matthew Lester\Desktop\Coding\VSCode Workspace\ARochaWildlifeSite\routes\data-review.js:51:361
[28/08/18] 10:35:01 [ERROR] [Application]     at <anonymous>
[28/08/18] 10:35:01 [ERROR] [Application]     at process._tickDomainCallback (internal/process/next_tick.js:228:7)
[28/08/18] 10:35:13 [ERROR] [Routes/DataReview] Failed to find locations: sendJSONResponse is not defined
[28/08/18] 10:35:13 [ERROR] [Application] ReferenceError: sendJSONResponse is not defined
[28/08/18] 10:35:13 [ERROR] [Application]     at DataReviewRouter._callee2$ (C:/Users/Matthew Lester/Desktop/Coding/VSCode Workspace/ARochaWildlifeSite/routes/data-review.js:48:17)
[28/08/18] 10:35:13 [ERROR] [Application]     at tryCatch (C:\Users\Matthew Lester\Desktop\Coding\VSCode Workspace\ARochaWildlifeSite\node_modules\regenerator-runtime\runtime.js:65:40)
[28/08/18] 10:35:13 [ERROR] [Application]     at Generator.invoke [as _invoke] (C:\Users\Matthew Lester\Desktop\Coding\VSCode Workspace\ARochaWildlifeSite\node_modules\regenerator-runtime\runtime.js:303:22)
[28/08/18] 10:35:13 [ERROR] [Application]     at Generator.prototype.(anonymous function) [as next] (C:\Users\Matthew Lester\Desktop\Coding\VSCode Workspace\ARochaWildlifeSite\node_modules\regenerator-runtime\runtime.js:117:21)
[28/08/18] 10:35:13 [ERROR] [Application]     at step (C:\Users\Matthew Lester\Desktop\Coding\VSCode Workspace\ARochaWildlifeSite\routes\data-review.js:51:191)
[28/08/18] 10:35:13 [ERROR] [Application]     at C:\Users\Matthew Lester\Desktop\Coding\VSCode Workspace\ARochaWildlifeSite\routes\data-review.js:51:361
[28/08/18] 10:35:13 [ERROR] [Application]     at <anonymous>
[28/08/18] 10:35:13 [ERROR] [Application]     at process._tickDomainCallback (internal/process/next_tick.js:228:7)
[28/08/18] 10:36:32 [ERROR] [Routes/DataReview] Failed to find locations: sendJSONResponse is not defined
[28/08/18] 10:36:32 [ERROR] [Application] ReferenceError: sendJSONResponse is not defined
[28/08/18] 10:36:32 [ERROR] [Application]     at DataReviewRouter._callee2$ (C:/Users/Matthew Lester/Desktop/Coding/VSCode Workspace/ARochaWildlifeSite/routes/data-review.js:48:17)
[28/08/18] 10:36:32 [ERROR] [Application]     at tryCatch (C:\Users\Matthew Lester\Desktop\Coding\VSCode Workspace\ARochaWildlifeSite\node_modules\regenerator-runtime\runtime.js:65:40)
[28/08/18] 10:36:32 [ERROR] [Application]     at Generator.prototype.(anonymous function) [as next] (C:\Users\Matthew Lester\Desktop\Coding\VSCode Workspace\ARochaWildlifeSite\node_modules\regenerator-runtime\runtime.js:117:21)
[28/08/18] 10:36:32 [ERROR] [Application]     at step (C:\Users\Matthew Lester\Desktop\Coding\VSCode Workspace\ARochaWildlifeSite\routes\data-review.js:51:191)
[28/08/18] 10:36:32 [ERROR] [Application]     at C:\Users\Matthew Lester\Desktop\Coding\VSCode Workspace\ARochaWildlifeSite\routes\data-review.js:51:361
[28/08/18] 10:36:32 [ERROR] [Application]     at <anonymous>
[28/08/18] 10:36:32 [ERROR] [Application]     at process._tickDomainCallback (internal/process/next_tick.js:228:7)
[28/08/18] 10:36:32 [ERROR] [Application]     at Generator.invoke [as _invoke] (C:\Users\Matthew Lester\Desktop\Coding\VSCode Workspace\ARochaWildlifeSite\node_modules\regenerator-runtime\runtime.js:303:22)
[22/09/18] 14:41:23 [ERROR] [Application] UnhandledPromiseRejectionWarning: TypeError: lModel.findUploadsForSpeciesInDateRange is not a function
[22/09/18] 14:41:23 [ERROR] [Application]     at DataReviewRouter._callee4$ (C:/Users/eagle/Desktop/Coding/VSCode Workspaces/ARochaWildlifeSite/routes/data-review.js:153:52)
[22/09/18] 14:41:23 [ERROR] [Application]     at tryCatch (C:\Users\eagle\Desktop\Coding\VSCode Workspaces\ARochaWildlifeSite\node_modules\regenerator-runtime\runtime.js:65:40)
[22/09/18] 14:41:23 [ERROR] [Application]     at Generator.invoke [as _invoke] (C:\Users\eagle\Desktop\Coding\VSCode Workspaces\ARochaWildlifeSite\node_modules\regenerator-runtime\runtime.js:303:22)
[22/09/18] 14:41:23 [ERROR] [Application]     at Generator.prototype.(anonymous function) [as next] (C:\Users\eagle\Desktop\Coding\VSCode Workspaces\ARochaWildlifeSite\node_modules\regenerator-runtime\runtime.js:117:21)
[22/09/18] 14:41:23 [ERROR] [Application]     at step (C:\Users\eagle\Desktop\Coding\VSCode Workspaces\ARochaWildlifeSite\routes\data-review.js:51:191)
[22/09/18] 14:41:23 [ERROR] [Application]     at C:\Users\eagle\Desktop\Coding\VSCode Workspaces\ARochaWildlifeSite\routes\data-review.js:51:437
[22/09/18] 14:41:23 [ERROR] [Application]     at new Promise (<anonymous>)
[22/09/18] 14:41:23 [ERROR] [Application]     at C:\Users\eagle\Desktop\Coding\VSCode Workspaces\ARochaWildlifeSite\routes\data-review.js:51:99
[22/09/18] 14:41:23 [ERROR] [Application]     at C:/Users/eagle/Desktop/Coding/VSCode Workspaces/ARochaWildlifeSite/routes/data-review.js:130:9
[22/09/18] 14:41:23 [ERROR] [Application]     at Layer.handle [as handle_request] (C:\Users\eagle\Desktop\Coding\VSCode Workspaces\ARochaWildlifeSite\node_modules\express\lib\router\layer.js:95:5)
[22/09/18] 14:41:23 [ERROR] [Application]     at next (C:\Users\eagle\Desktop\Coding\VSCode Workspaces\ARochaWildlifeSite\node_modules\express\lib\router\route.js:137:13)
[22/09/18] 14:41:23 [ERROR] [Application]     at Route.dispatch (C:\Users\eagle\Desktop\Coding\VSCode Workspaces\ARochaWildlifeSite\node_modules\express\lib\router\route.js:112:3)
[22/09/18] 14:41:23 [ERROR] [Application]     at Layer.handle [as handle_request] (C:\Users\eagle\Desktop\Coding\VSCode Workspaces\ARochaWildlifeSite\node_modules\express\lib\router\layer.js:95:5)
[22/09/18] 14:41:23 [ERROR] [Application]     at C:\Users\eagle\Desktop\Coding\VSCode Workspaces\ARochaWildlifeSite\node_modules\express\lib\router\index.js:281:22
[22/09/18] 14:41:23 [ERROR] [Application]     at Function.process_params (C:\Users\eagle\Desktop\Coding\VSCode Workspaces\ARochaWildlifeSite\node_modules\express\lib\router\index.js:335:12)
[22/09/18] 14:41:23 [ERROR] [Application]     at next (C:\Users\eagle\Desktop\Coding\VSCode Workspaces\ARochaWildlifeSite\node_modules\express\lib\router\index.js:275:10)
[22/09/18] 14:41:23 [ERROR] [Application]     at emitWarning (internal/process/promises.js:65:17)
[22/09/18] 14:41:23 [ERROR] [Application]     at emitPendingUnhandledRejections (internal/process/promises.js:109:11)
[22/09/18] 14:41:23 [ERROR] [Application]     at runMicrotasksCallback (internal/process/next_tick.js:124:9)
[22/09/18] 14:41:23 [ERROR] [Application]     at _combinedTickCallback (internal/process/next_tick.js:131:7)
[22/09/18] 14:41:23 [ERROR] [Application]     at process._tickDomainCallback (internal/process/next_tick.js:218:9)
[22/09/18] 14:41:23 [ERROR] [Application] TypeError: lModel.findUploadsForSpeciesInDateRange is not a function
[22/09/18] 14:41:23 [ERROR] [Application]     at DataReviewRouter._callee4$ (C:/Users/eagle/Desktop/Coding/VSCode Workspaces/ARochaWildlifeSite/routes/data-review.js:153:52)
[22/09/18] 14:41:23 [ERROR] [Application]     at tryCatch (C:\Users\eagle\Desktop\Coding\VSCode Workspaces\ARochaWildlifeSite\node_modules\regenerator-runtime\runtime.js:65:40)
[22/09/18] 14:41:23 [ERROR] [Application]     at Generator.invoke [as _invoke] (C:\Users\eagle\Desktop\Coding\VSCode Workspaces\ARochaWildlifeSite\node_modules\regenerator-runtime\runtime.js:303:22)
[22/09/18] 14:41:23 [ERROR] [Application]     at Generator.prototype.(anonymous function) [as next] (C:\Users\eagle\Desktop\Coding\VSCode Workspaces\ARochaWildlifeSite\node_modules\regenerator-runtime\runtime.js:117:21)
[22/09/18] 14:41:23 [ERROR] [Application]     at step (C:\Users\eagle\Desktop\Coding\VSCode Workspaces\ARochaWildlifeSite\routes\data-review.js:51:191)
[22/09/18] 14:41:23 [ERROR] [Application]     at C:\Users\eagle\Desktop\Coding\VSCode Workspaces\ARochaWildlifeSite\routes\data-review.js:51:437
[22/09/18] 14:41:23 [ERROR] [Application]     at new Promise (<anonymous>)
[22/09/18] 14:41:23 [ERROR] [Application]     at C:\Users\eagle\Desktop\Coding\VSCode Workspaces\ARochaWildlifeSite\routes\data-review.js:51:99
[22/09/18] 14:41:23 [ERROR] [Application]     at C:/Users/eagle/Desktop/Coding/VSCode Workspaces/ARochaWildlifeSite/routes/data-review.js:130:9
[22/09/18] 14:41:23 [ERROR] [Application]     at Layer.handle [as handle_request] (C:\Users\eagle\Desktop\Coding\VSCode Workspaces\ARochaWildlifeSite\node_modules\express\lib\router\layer.js:95:5)
[22/09/18] 14:41:23 [ERROR] [Application]     at next (C:\Users\eagle\Desktop\Coding\VSCode Workspaces\ARochaWildlifeSite\node_modules\express\lib\router\route.js:137:13)
[22/09/18] 14:41:23 [ERROR] [Application]     at Route.dispatch (C:\Users\eagle\Desktop\Coding\VSCode Workspaces\ARochaWildlifeSite\node_modules\express\lib\router\route.js:112:3)
[22/09/18] 14:41:23 [ERROR] [Application]     at Layer.handle [as handle_request] (C:\Users\eagle\Desktop\Coding\VSCode Workspaces\ARochaWildlifeSite\node_modules\express\lib\router\layer.js:95:5)
[22/09/18] 14:41:23 [ERROR] [Application]     at C:\Users\eagle\Desktop\Coding\VSCode Workspaces\ARochaWildlifeSite\node_modules\express\lib\router\index.js:281:22
[22/09/18] 14:41:23 [ERROR] [Application]     at Function.process_params (C:\Users\eagle\Desktop\Coding\VSCode Workspaces\ARochaWildlifeSite\node_modules\express\lib\router\index.js:335:12)
[22/09/18] 14:41:23 [ERROR] [Application]     at next (C:\Users\eagle\Desktop\Coding\VSCode Workspaces\ARochaWildlifeSite\node_modules\express\lib\router\index.js:275:10)
[22/09/18] 14:41:23 [ERROR] [Application] DeprecationWarning: Unhandled promise rejections are deprecated. In the future, promise rejections that are not handled will terminate the Node.js process with a non-zero exit code.
[22/09/18] 14:41:23 [ERROR] [Application]     at emitWarning (internal/process/promises.js:92:15)
[22/09/18] 14:41:23 [ERROR] [Application]     at emitPendingUnhandledRejections (internal/process/promises.js:109:11)
[22/09/18] 14:41:23 [ERROR] [Application]     at runMicrotasksCallback (internal/process/next_tick.js:124:9)
[22/09/18] 14:41:23 [ERROR] [Application]     at _combinedTickCallback (internal/process/next_tick.js:131:7)
[22/09/18] 14:41:23 [ERROR] [Application]     at process._tickDomainCallback (internal/process/next_tick.js:218:9)
[22/09/18] 14:42:43 [ERROR] [Application] UnhandledPromiseRejectionWarning: ReferenceError: uploads is not defined
[22/09/18] 14:42:43 [ERROR] [Application]     at DataReviewRouter._callee4$ (C:/Users/eagle/Desktop/Coding/VSCode Workspaces/ARochaWildlifeSite/routes/data-review.js:158:47)
[22/09/18] 14:42:43 [ERROR] [Application]     at tryCatch (C:\Users\eagle\Desktop\Coding\VSCode Workspaces\ARochaWildlifeSite\node_modules\regenerator-runtime\runtime.js:65:40)
[22/09/18] 14:42:43 [ERROR] [Application]     at Generator.invoke [as _invoke] (C:\Users\eagle\Desktop\Coding\VSCode Workspaces\ARochaWildlifeSite\node_modules\regenerator-runtime\runtime.js:303:22)
[22/09/18] 14:42:43 [ERROR] [Application]     at Generator.prototype.(anonymous function) [as next] (C:\Users\eagle\Desktop\Coding\VSCode Workspaces\ARochaWildlifeSite\node_modules\regenerator-runtime\runtime.js:117:21)
[22/09/18] 14:42:43 [ERROR] [Application]     at step (C:\Users\eagle\Desktop\Coding\VSCode Workspaces\ARochaWildlifeSite\routes\data-review.js:51:191)
[22/09/18] 14:42:43 [ERROR] [Application]     at C:\Users\eagle\Desktop\Coding\VSCode Workspaces\ARochaWildlifeSite\routes\data-review.js:51:361
[22/09/18] 14:42:43 [ERROR] [Application]     at <anonymous>
[22/09/18] 14:42:43 [ERROR] [Application]     at process._tickDomainCallback (internal/process/next_tick.js:228:7)
[22/09/18] 14:42:43 [ERROR] [Application]     at emitWarning (internal/process/promises.js:65:17)
[22/09/18] 14:42:43 [ERROR] [Application]     at emitPendingUnhandledRejections (internal/process/promises.js:109:11)
[22/09/18] 14:42:43 [ERROR] [Application]     at process._tickDomainCallback (internal/process/next_tick.js:229:7)
[22/09/18] 14:42:43 [ERROR] [Application] ReferenceError: uploads is not defined
[22/09/18] 14:42:43 [ERROR] [Application]     at DataReviewRouter._callee4$ (C:/Users/eagle/Desktop/Coding/VSCode Workspaces/ARochaWildlifeSite/routes/data-review.js:158:47)
[22/09/18] 14:42:43 [ERROR] [Application]     at tryCatch (C:\Users\eagle\Desktop\Coding\VSCode Workspaces\ARochaWildlifeSite\node_modules\regenerator-runtime\runtime.js:65:40)
[22/09/18] 14:42:43 [ERROR] [Application]     at Generator.invoke [as _invoke] (C:\Users\eagle\Desktop\Coding\VSCode Workspaces\ARochaWildlifeSite\node_modules\regenerator-runtime\runtime.js:303:22)
[22/09/18] 14:42:43 [ERROR] [Application]     at Generator.prototype.(anonymous function) [as next] (C:\Users\eagle\Desktop\Coding\VSCode Workspaces\ARochaWildlifeSite\node_modules\regenerator-runtime\runtime.js:117:21)
[22/09/18] 14:42:43 [ERROR] [Application]     at step (C:\Users\eagle\Desktop\Coding\VSCode Workspaces\ARochaWildlifeSite\routes\data-review.js:51:191)
[22/09/18] 14:42:43 [ERROR] [Application]     at C:\Users\eagle\Desktop\Coding\VSCode Workspaces\ARochaWildlifeSite\routes\data-review.js:51:361
[22/09/18] 14:42:43 [ERROR] [Application]     at <anonymous>
[22/09/18] 14:42:43 [ERROR] [Application]     at process._tickDomainCallback (internal/process/next_tick.js:228:7)
[22/09/18] 14:42:43 [ERROR] [Application] DeprecationWarning: Unhandled promise rejections are deprecated. In the future, promise rejections that are not handled will terminate the Node.js process with a non-zero exit code.
[22/09/18] 14:42:43 [ERROR] [Application]     at emitWarning (internal/process/promises.js:92:15)
[22/09/18] 14:42:43 [ERROR] [Application]     at emitPendingUnhandledRejections (internal/process/promises.js:109:11)
[22/09/18] 14:42:43 [ERROR] [Application]     at process._tickDomainCallback (internal/process/next_tick.js:229:7)
[08/10/18] 01:57:02 [ERROR] [Application] DeprecationWarning: collection.ensureIndex is deprecated. Use createIndexes instead.
[08/10/18] 01:57:02 [ERROR] [Application]     at NativeCollection.(anonymous function) [as ensureIndex] (C:\Users\Matthew Lester\Desktop\Files\Coding\VSCode Workspace\ARochaWildlifeSite\node_modules\mongoose\lib\drivers\node-mongodb-native\collection.js:146:28)
[08/10/18] 01:57:02 [ERROR] [Application]     at immediate (C:\Users\Matthew Lester\Desktop\Files\Coding\VSCode Workspace\ARochaWildlifeSite\node_modules\mongoose\lib\collection.js:86:24)
[08/10/18] 01:57:02 [ERROR] [Application]     at NativeCollection.Collection.doQueue (C:\Users\Matthew Lester\Desktop\Files\Coding\VSCode Workspace\ARochaWildlifeSite\node_modules\mongoose\lib\collection.js:124:24)
[08/10/18] 01:57:02 [ERROR] [Application]     at _combinedTickCallback (internal/process/next_tick.js:131:7)
[08/10/18] 01:57:02 [ERROR] [Application]     at process._tickDomainCallback (internal/process/next_tick.js:218:9)
[08/10/18] 01:57:02 [ERROR] [Application]     at NativeCollection.create (C:\Users\Matthew Lester\Desktop\Files\Coding\VSCode Workspace\ARochaWildlifeSite\node_modules\mongoose\lib\model.js:1404:33)
[08/10/18] 16:33:42 [ERROR] [Application] DeprecationWarning: collection.ensureIndex is deprecated. Use createIndexes instead.
[08/10/18] 16:33:42 [ERROR] [Application]     at NativeCollection.(anonymous function) [as ensureIndex] (C:\Users\Matthew Lester\Desktop\Files\Coding\VSCode Workspace\ARochaWildlifeSite\node_modules\mongoose\lib\drivers\node-mongodb-native\collection.js:146:28)
[08/10/18] 16:33:42 [ERROR] [Application]     at immediate (C:\Users\Matthew Lester\Desktop\Files\Coding\VSCode Workspace\ARochaWildlifeSite\node_modules\mongoose\lib\collection.js:86:24)
[08/10/18] 16:33:42 [ERROR] [Application]     at _combinedTickCallback (internal/process/next_tick.js:131:7)
[08/10/18] 16:33:42 [ERROR] [Application]     at process._tickDomainCallback (internal/process/next_tick.js:218:9)
[08/10/18] 16:33:42 [ERROR] [Application]     at NativeCollection.create (C:\Users\Matthew Lester\Desktop\Files\Coding\VSCode Workspace\ARochaWildlifeSite\node_modules\mongoose\lib\model.js:1404:33)
[08/10/18] 16:33:42 [ERROR] [Application]     at NativeCollection.Collection.doQueue (C:\Users\Matthew Lester\Desktop\Files\Coding\VSCode Workspace\ARochaWildlifeSite\node_modules\mongoose\lib\collection.js:124:24)
[13/10/18] 22:07:15 [ERROR] [Application] DeprecationWarning: collection.ensureIndex is deprecated. Use createIndexes instead.
[13/10/18] 22:07:15 [ERROR] [Application]     at NativeCollection.create (C:\Users\Matthew Lester\Desktop\Files\Coding\VSCode Workspace\ARochaWildlifeSite\node_modules\mongoose\lib\model.js:1404:33)
[13/10/18] 22:07:15 [ERROR] [Application]     at NativeCollection.(anonymous function) [as ensureIndex] (C:\Users\Matthew Lester\Desktop\Files\Coding\VSCode Workspace\ARochaWildlifeSite\node_modules\mongoose\lib\drivers\node-mongodb-native\collection.js:146:28)
[13/10/18] 22:07:15 [ERROR] [Application]     at immediate (C:\Users\Matthew Lester\Desktop\Files\Coding\VSCode Workspace\ARochaWildlifeSite\node_modules\mongoose\lib\collection.js:86:24)
[13/10/18] 22:07:15 [ERROR] [Application]     at _combinedTickCallback (internal/process/next_tick.js:131:7)
[13/10/18] 22:07:15 [ERROR] [Application]     at NativeCollection.Collection.doQueue (C:\Users\Matthew Lester\Desktop\Files\Coding\VSCode Workspace\ARochaWildlifeSite\node_modules\mongoose\lib\collection.js:124:24)
[13/10/18] 22:07:15 [ERROR] [Application]     at process._tickDomainCallback (internal/process/next_tick.js:218:9)
[28/10/18] 10:12:19 [ERROR] [Application] DeprecationWarning: collection.ensureIndex is deprecated. Use createIndexes instead.
[28/10/18] 10:12:19 [ERROR] [Application]     at NativeCollection.(anonymous function) [as ensureIndex] (C:\Users\Matthew Lester\Desktop\Files\Coding\VSCode Workspace\ARochaWildlifeSite\node_modules\mongoose\lib\drivers\node-mongodb-native\collection.js:146:28)
[28/10/18] 10:12:19 [ERROR] [Application]     at immediate (C:\Users\Matthew Lester\Desktop\Files\Coding\VSCode Workspace\ARochaWildlifeSite\node_modules\mongoose\lib\collection.js:86:24)
[28/10/18] 10:12:19 [ERROR] [Application]     at NativeCollection.create (C:\Users\Matthew Lester\Desktop\Files\Coding\VSCode Workspace\ARochaWildlifeSite\node_modules\mongoose\lib\model.js:1404:33)
[28/10/18] 10:12:19 [ERROR] [Application]     at process._tickDomainCallback (internal/process/next_tick.js:218:9)
[28/10/18] 10:12:19 [ERROR] [Application]     at _combinedTickCallback (internal/process/next_tick.js:131:7)
[28/10/18] 10:12:19 [ERROR] [Application]     at NativeCollection.Collection.doQueue (C:\Users\Matthew Lester\Desktop\Files\Coding\VSCode Workspace\ARochaWildlifeSite\node_modules\mongoose\lib\collection.js:124:24)
[28/10/18] 10:26:00 [ERROR] [Application] DeprecationWarning: collection.ensureIndex is deprecated. Use createIndexes instead.
[28/10/18] 10:26:00 [ERROR] [Application]     at NativeCollection.(anonymous function) [as ensureIndex] (C:\Users\Matthew Lester\Desktop\Files\Coding\VSCode Workspace\ARochaWildlifeSite\node_modules\mongoose\lib\drivers\node-mongodb-native\collection.js:146:28)
[28/10/18] 10:26:00 [ERROR] [Application]     at NativeCollection.create (C:\Users\Matthew Lester\Desktop\Files\Coding\VSCode Workspace\ARochaWildlifeSite\node_modules\mongoose\lib\model.js:1415:33)
[28/10/18] 10:26:00 [ERROR] [Application]     at NativeCollection.Collection.doQueue (C:\Users\Matthew Lester\Desktop\Files\Coding\VSCode Workspace\ARochaWildlifeSite\node_modules\mongoose\lib\collection.js:124:24)
[28/10/18] 10:26:00 [ERROR] [Application]     at immediate (C:\Users\Matthew Lester\Desktop\Files\Coding\VSCode Workspace\ARochaWildlifeSite\node_modules\mongoose\lib\collection.js:86:24)
[28/10/18] 10:26:00 [ERROR] [Application]     at _combinedTickCallback (internal/process/next_tick.js:131:7)
[28/10/18] 10:26:00 [ERROR] [Application]     at process._tickDomainCallback (internal/process/next_tick.js:218:9)
[28/10/18] 11:40:43 [ERROR] [Application] DeprecationWarning: collection.remove is deprecated. Use deleteOne, deleteMany, or bulkWrite instead.
[28/10/18] 11:40:43 [ERROR] [Application]     at NativeCollection.(anonymous function) [as remove] (C:\Users\Matthew Lester\Desktop\Files\Coding\VSCode Workspace\ARochaWildlifeSite\node_modules\mongoose\lib\drivers\node-mongodb-native\collection.js:146:28)
[28/10/18] 11:40:43 [ERROR] [Application]     at model.Query.Query.remove (C:\Users\Matthew Lester\Desktop\Files\Coding\VSCode Workspace\ARochaWildlifeSite\node_modules\mquery\lib\mquery.js:2567:20)
[28/10/18] 11:40:43 [ERROR] [Application]     at model.Query.Query._remove (C:\Users\Matthew Lester\Desktop\Files\Coding\VSCode Workspace\ARochaWildlifeSite\node_modules\mongoose\lib\query.js:2426:28)
[28/10/18] 11:40:43 [ERROR] [Application]     at process.nextTick (C:\Users\Matthew Lester\Desktop\Files\Coding\VSCode Workspace\ARochaWildlifeSite\node_modules\kareem\index.js:369:33)
[28/10/18] 11:40:43 [ERROR] [Application]     at NodeCollection.remove (C:\Users\Matthew Lester\Desktop\Files\Coding\VSCode Workspace\ARochaWildlifeSite\node_modules\mquery\lib\collection\node.js:114:19)
[28/10/18] 11:40:43 [ERROR] [Application]     at process._tickDomainCallback (internal/process/next_tick.js:218:9)
[28/10/18] 11:40:43 [ERROR] [Application]     at _combinedTickCallback (internal/process/next_tick.js:131:7)
[28/10/18] 11:49:11 [ERROR] [Application] DeprecationWarning: collection.ensureIndex is deprecated. Use createIndexes instead.
[28/10/18] 11:49:11 [ERROR] [Application]     at NativeCollection.(anonymous function) [as ensureIndex] (C:\Users\Matthew Lester\Desktop\Files\Coding\VSCode Workspace\ARochaWildlifeSite\node_modules\mongoose\lib\drivers\node-mongodb-native\collection.js:146:28)
[28/10/18] 11:49:11 [ERROR] [Application]     at NativeCollection.Collection.doQueue (C:\Users\Matthew Lester\Desktop\Files\Coding\VSCode Workspace\ARochaWildlifeSite\node_modules\mongoose\lib\collection.js:124:24)
[28/10/18] 11:49:11 [ERROR] [Application]     at NativeCollection.create (C:\Users\Matthew Lester\Desktop\Files\Coding\VSCode Workspace\ARochaWildlifeSite\node_modules\mongoose\lib\model.js:1415:33)
[28/10/18] 11:49:11 [ERROR] [Application]     at immediate (C:\Users\Matthew Lester\Desktop\Files\Coding\VSCode Workspace\ARochaWildlifeSite\node_modules\mongoose\lib\collection.js:86:24)
[28/10/18] 11:49:11 [ERROR] [Application]     at _combinedTickCallback (internal/process/next_tick.js:131:7)
[28/10/18] 11:49:11 [ERROR] [Application]     at process._tickDomainCallback (internal/process/next_tick.js:218:9)
[28/10/18] 11:49:26 [ERROR] [Application] TypeError: Data must be a string or a buffer
[28/10/18] 11:49:26 [ERROR] [Application]     at Hmac.update (crypto.js:99:16)
[28/10/18] 11:49:26 [ERROR] [Application]     at User._hashPassword (C:/Users/Matthew Lester/Desktop/Files/Coding/VSCode Workspace/ARochaWildlifeSite/models/user.js:57:14)
[28/10/18] 11:49:26 [ERROR] [Application]     at User._callee9$ (C:/Users/Matthew Lester/Desktop/Files/Coding/VSCode Workspace/ARochaWildlifeSite/models/user.js:200:32)
[28/10/18] 11:49:26 [ERROR] [Application]     at tryCatch (C:\Users\Matthew Lester\Desktop\Files\Coding\VSCode Workspace\ARochaWildlifeSite\node_modules\regenerator-runtime\runtime.js:65:40)
[28/10/18] 11:49:26 [ERROR] [Application]     at Generator.invoke [as _invoke] (C:\Users\Matthew Lester\Desktop\Files\Coding\VSCode Workspace\ARochaWildlifeSite\node_modules\regenerator-runtime\runtime.js:303:22)
[28/10/18] 11:49:26 [ERROR] [Application]     at Generator.prototype.(anonymous function) [as next] (C:\Users\Matthew Lester\Desktop\Files\Coding\VSCode Workspace\ARochaWildlifeSite\node_modules\regenerator-runtime\runtime.js:117:21)
[28/10/18] 11:49:26 [ERROR] [Application]     at step (C:\Users\Matthew Lester\Desktop\Files\Coding\VSCode Workspace\ARochaWildlifeSite\models\user.js:35:191)
[28/10/18] 11:49:26 [ERROR] [Application]     at C:\Users\Matthew Lester\Desktop\Files\Coding\VSCode Workspace\ARochaWildlifeSite\models\user.js:35:361
[28/10/18] 11:49:26 [ERROR] [Application]     at <anonymous>
[28/10/18] 11:49:26 [ERROR] [Application]     at process._tickDomainCallback (internal/process/next_tick.js:228:7)
[28/10/18] 11:49:26 [ERROR] [Application] DeprecationWarning: Unhandled promise rejections are deprecated. In the future, promise rejections that are not handled will terminate the Node.js process with a non-zero exit code.
[28/10/18] 11:49:26 [ERROR] [Application]     at emitWarning (internal/process/promises.js:78:15)
[28/10/18] 11:49:26 [ERROR] [Application]     at emitPendingUnhandledRejections (internal/process/promises.js:95:11)
[28/10/18] 11:49:26 [ERROR] [Application]     at process._tickDomainCallback (internal/process/next_tick.js:229:7)
[28/10/18] 11:50:29 [ERROR] [Application] DeprecationWarning: collection.ensureIndex is deprecated. Use createIndexes instead.
[28/10/18] 11:50:29 [ERROR] [Application]     at NativeCollection.(anonymous function) [as ensureIndex] (C:\Users\Matthew Lester\Desktop\Files\Coding\VSCode Workspace\ARochaWildlifeSite\node_modules\mongoose\lib\drivers\node-mongodb-native\collection.js:146:28)
[28/10/18] 11:50:29 [ERROR] [Application]     at NativeCollection.Collection.doQueue (C:\Users\Matthew Lester\Desktop\Files\Coding\VSCode Workspace\ARochaWildlifeSite\node_modules\mongoose\lib\collection.js:124:24)
[28/10/18] 11:50:29 [ERROR] [Application]     at immediate (C:\Users\Matthew Lester\Desktop\Files\Coding\VSCode Workspace\ARochaWildlifeSite\node_modules\mongoose\lib\collection.js:86:24)
[28/10/18] 11:50:29 [ERROR] [Application]     at NativeCollection.create (C:\Users\Matthew Lester\Desktop\Files\Coding\VSCode Workspace\ARochaWildlifeSite\node_modules\mongoose\lib\model.js:1415:33)
[28/10/18] 11:50:29 [ERROR] [Application]     at _combinedTickCallback (internal/process/next_tick.js:131:7)
[28/10/18] 11:50:29 [ERROR] [Application]     at process._tickDomainCallback (internal/process/next_tick.js:218:9)
[28/10/18] 11:50:42 [ERROR] [Application] DeprecationWarning: collection.findAndModify is deprecated. Use findOneAndUpdate, findOneAndReplace or findOneAndDelete instead.
[28/10/18] 11:50:42 [ERROR] [Application]     at NativeCollection.(anonymous function) [as findAndModify] (C:\Users\Matthew Lester\Desktop\Files\Coding\VSCode Workspace\ARochaWildlifeSite\node_modules\mongoose\lib\drivers\node-mongodb-native\collection.js:146:28)
[28/10/18] 11:50:42 [ERROR] [Application]     at model.Query.Query._findOneAndUpdate (C:\Users\Matthew Lester\Desktop\Files\Coding\VSCode Workspace\ARochaWildlifeSite\node_modules\mongoose\lib\query.js:2732:8)
[28/10/18] 11:50:42 [ERROR] [Application]     at process.nextTick (C:\Users\Matthew Lester\Desktop\Files\Coding\VSCode Workspace\ARochaWildlifeSite\node_modules\kareem\index.js:369:33)
[28/10/18] 11:50:42 [ERROR] [Application]     at _combinedTickCallback (internal/process/next_tick.js:131:7)
[28/10/18] 11:50:42 [ERROR] [Application]     at process._tickDomainCallback (internal/process/next_tick.js:218:9)
[28/10/18] 11:50:42 [ERROR] [Application]     at model.Query.Query._findAndModify (C:\Users\Matthew Lester\Desktop\Files\Coding\VSCode Workspace\ARochaWildlifeSite\node_modules\mongoose\lib\query.js:3157:22)
[28/10/18] 11:50:42 [ERROR] [Application]     at NodeCollection.findAndModify (C:\Users\Matthew Lester\Desktop\Files\Coding\VSCode Workspace\ARochaWildlifeSite\node_modules\mquery\lib\collection\node.js:123:19)
[21/00/19] 09:37:53 [ERROR] [Application] DeprecationWarning: collection.ensureIndex is deprecated. Use createIndexes instead.
[21/00/19] 09:37:53 [ERROR] [Application]     at NativeCollection.(anonymous function) [as ensureIndex] (C:\Users\Matthew Lester\Desktop\Files\Coding\VSCode Workspace\ARochaWildlifeSite\node_modules\mongoose\lib\drivers\node-mongodb-native\collection.js:146:28)
[21/00/19] 09:37:53 [ERROR] [Application]     at immediate (C:\Users\Matthew Lester\Desktop\Files\Coding\VSCode Workspace\ARochaWildlifeSite\node_modules\mongoose\lib\collection.js:86:24)
[21/00/19] 09:37:53 [ERROR] [Application]     at _combinedTickCallback (internal/process/next_tick.js:131:7)
[21/00/19] 09:37:53 [ERROR] [Application]     at process._tickDomainCallback (internal/process/next_tick.js:218:9)
[21/00/19] 09:37:53 [ERROR] [Application]     at NativeCollection.create (C:\Users\Matthew Lester\Desktop\Files\Coding\VSCode Workspace\ARochaWildlifeSite\node_modules\mongoose\lib\model.js:1415:33)
[21/00/19] 09:37:53 [ERROR] [Application]     at NativeCollection.Collection.doQueue (C:\Users\Matthew Lester\Desktop\Files\Coding\VSCode Workspace\ARochaWildlifeSite\node_modules\mongoose\lib\collection.js:124:24)
[21/00/19] 12:38:42 [ERROR] [Application] DeprecationWarning: collection.ensureIndex is deprecated. Use createIndexes instead.
[21/00/19] 12:38:42 [ERROR] [Application]     at NativeCollection.(anonymous function) [as ensureIndex] (C:\Users\Matthew Lester\Desktop\Files\Coding\VSCode Workspace\ARochaWildlifeSite\node_modules\mongoose\lib\drivers\node-mongodb-native\collection.js:146:28)
[21/00/19] 12:38:42 [ERROR] [Application]     at immediate (C:\Users\Matthew Lester\Desktop\Files\Coding\VSCode Workspace\ARochaWildlifeSite\node_modules\mongoose\lib\collection.js:86:24)
[21/00/19] 12:38:42 [ERROR] [Application]     at NativeCollection.create (C:\Users\Matthew Lester\Desktop\Files\Coding\VSCode Workspace\ARochaWildlifeSite\node_modules\mongoose\lib\model.js:1415:33)
[21/00/19] 12:38:42 [ERROR] [Application]     at _combinedTickCallback (internal/process/next_tick.js:131:7)
[21/00/19] 12:38:42 [ERROR] [Application]     at NativeCollection.Collection.doQueue (C:\Users\Matthew Lester\Desktop\Files\Coding\VSCode Workspace\ARochaWildlifeSite\node_modules\mongoose\lib\collection.js:124:24)
[21/00/19] 12:38:42 [ERROR] [Application]     at process._tickDomainCallback (internal/process/next_tick.js:218:9)
[23/00/19] 18:13:09 [ERROR] [Application] DeprecationWarning: collection.ensureIndex is deprecated. Use createIndexes instead.
[23/00/19] 18:13:09 [ERROR] [Application]     at NativeCollection.(anonymous function) [as ensureIndex] (C:\Users\Matthew Lester\Desktop\Files\Coding\VSCode Workspace\ARochaWildlifeSite\node_modules\mongoose\lib\drivers\node-mongodb-native\collection.js:146:28)
[23/00/19] 18:13:09 [ERROR] [Application]     at NativeCollection.Collection.doQueue (C:\Users\Matthew Lester\Desktop\Files\Coding\VSCode Workspace\ARochaWildlifeSite\node_modules\mongoose\lib\collection.js:124:24)
[23/00/19] 18:13:09 [ERROR] [Application]     at NativeCollection.create (C:\Users\Matthew Lester\Desktop\Files\Coding\VSCode Workspace\ARochaWildlifeSite\node_modules\mongoose\lib\model.js:1415:33)
[23/00/19] 18:13:09 [ERROR] [Application]     at immediate (C:\Users\Matthew Lester\Desktop\Files\Coding\VSCode Workspace\ARochaWildlifeSite\node_modules\mongoose\lib\collection.js:86:24)
[23/00/19] 18:13:09 [ERROR] [Application]     at _combinedTickCallback (internal/process/next_tick.js:131:7)
[23/00/19] 18:13:09 [ERROR] [Application]     at process._tickDomainCallback (internal/process/next_tick.js:218:9)
[23/00/19] 20:30:48 [ERROR] [Application] DeprecationWarning: collection.ensureIndex is deprecated. Use createIndexes instead.
[23/00/19] 20:30:48 [ERROR] [Application]     at NativeCollection.(anonymous function) [as ensureIndex] (C:\Users\Matthew Lester\Desktop\Files\Coding\VSCode Workspace\ARochaWildlifeSite\node_modules\mongoose\lib\drivers\node-mongodb-native\collection.js:146:28)
[23/00/19] 20:30:48 [ERROR] [Application]     at NativeCollection.create (C:\Users\Matthew Lester\Desktop\Files\Coding\VSCode Workspace\ARochaWildlifeSite\node_modules\mongoose\lib\model.js:1415:33)
[23/00/19] 20:30:48 [ERROR] [Application]     at NativeCollection.Collection.doQueue (C:\Users\Matthew Lester\Desktop\Files\Coding\VSCode Workspace\ARochaWildlifeSite\node_modules\mongoose\lib\collection.js:124:24)
[23/00/19] 20:30:48 [ERROR] [Application]     at immediate (C:\Users\Matthew Lester\Desktop\Files\Coding\VSCode Workspace\ARochaWildlifeSite\node_modules\mongoose\lib\collection.js:86:24)
[23/00/19] 20:30:48 [ERROR] [Application]     at _combinedTickCallback (internal/process/next_tick.js:131:7)
[23/00/19] 20:30:48 [ERROR] [Application]     at process._tickDomainCallback (internal/process/next_tick.js:218:9)
[23/00/19] 20:31:12 [ERROR] [Application] DeprecationWarning: collection.findAndModify is deprecated. Use findOneAndUpdate, findOneAndReplace or findOneAndDelete instead.
[23/00/19] 20:31:12 [ERROR] [Application]     at NativeCollection.(anonymous function) [as findAndModify] (C:\Users\Matthew Lester\Desktop\Files\Coding\VSCode Workspace\ARochaWildlifeSite\node_modules\mongoose\lib\drivers\node-mongodb-native\collection.js:146:28)
[23/00/19] 20:31:12 [ERROR] [Application]     at NodeCollection.findAndModify (C:\Users\Matthew Lester\Desktop\Files\Coding\VSCode Workspace\ARochaWildlifeSite\node_modules\mquery\lib\collection\node.js:123:19)
[23/00/19] 20:31:12 [ERROR] [Application]     at model.Query.Query._findOneAndUpdate (C:\Users\Matthew Lester\Desktop\Files\Coding\VSCode Workspace\ARochaWildlifeSite\node_modules\mongoose\lib\query.js:2732:8)
[23/00/19] 20:31:12 [ERROR] [Application]     at process.nextTick (C:\Users\Matthew Lester\Desktop\Files\Coding\VSCode Workspace\ARochaWildlifeSite\node_modules\kareem\index.js:369:33)
[23/00/19] 20:31:12 [ERROR] [Application]     at model.Query.Query._findAndModify (C:\Users\Matthew Lester\Desktop\Files\Coding\VSCode Workspace\ARochaWildlifeSite\node_modules\mongoose\lib\query.js:3157:22)
[23/00/19] 20:31:12 [ERROR] [Application]     at process._tickDomainCallback (internal/process/next_tick.js:218:9)
[23/00/19] 20:31:12 [ERROR] [Application]     at _combinedTickCallback (internal/process/next_tick.js:131:7)
[23/00/19] 22:17:28 [ERROR] [Application] DeprecationWarning: collection.ensureIndex is deprecated. Use createIndexes instead.
[23/00/19] 22:17:28 [ERROR] [Application]     at NativeCollection.(anonymous function) [as ensureIndex] (C:\Users\Matthew Lester\Desktop\Files\Coding\VSCode Workspace\ARochaWildlifeSite\node_modules\mongoose\lib\drivers\node-mongodb-native\collection.js:146:28)
[23/00/19] 22:17:28 [ERROR] [Application]     at NativeCollection.Collection.doQueue (C:\Users\Matthew Lester\Desktop\Files\Coding\VSCode Workspace\ARochaWildlifeSite\node_modules\mongoose\lib\collection.js:124:24)
[23/00/19] 22:17:28 [ERROR] [Application]     at NativeCollection.create (C:\Users\Matthew Lester\Desktop\Files\Coding\VSCode Workspace\ARochaWildlifeSite\node_modules\mongoose\lib\model.js:1462:33)
[23/00/19] 22:17:28 [ERROR] [Application]     at immediate (C:\Users\Matthew Lester\Desktop\Files\Coding\VSCode Workspace\ARochaWildlifeSite\node_modules\mongoose\lib\collection.js:86:24)
[23/00/19] 22:17:28 [ERROR] [Application]     at _combinedTickCallback (internal/process/next_tick.js:131:7)
[23/00/19] 22:17:28 [ERROR] [Application]     at process._tickDomainCallback (internal/process/next_tick.js:218:9)
[23/00/19] 22:28:19 [ERROR] [Application] DeprecationWarning: collection.ensureIndex is deprecated. Use createIndexes instead.
[23/00/19] 22:28:19 [ERROR] [Application]     at NativeCollection.create (C:\Users\Matthew Lester\Desktop\Files\Coding\VSCode Workspace\ARochaWildlifeSite\node_modules\mongoose\lib\model.js:1462:33)
[23/00/19] 22:28:19 [ERROR] [Application]     at NativeCollection.(anonymous function) [as ensureIndex] (C:\Users\Matthew Lester\Desktop\Files\Coding\VSCode Workspace\ARochaWildlifeSite\node_modules\mongoose\lib\drivers\node-mongodb-native\collection.js:146:28)
[23/00/19] 22:28:19 [ERROR] [Application]     at NativeCollection.Collection.doQueue (C:\Users\Matthew Lester\Desktop\Files\Coding\VSCode Workspace\ARochaWildlifeSite\node_modules\mongoose\lib\collection.js:124:24)
[23/00/19] 22:28:19 [ERROR] [Application]     at _combinedTickCallback (internal/process/next_tick.js:131:7)
[23/00/19] 22:28:19 [ERROR] [Application]     at process._tickDomainCallback (internal/process/next_tick.js:218:9)
[23/00/19] 22:28:19 [ERROR] [Application]     at immediate (C:\Users\Matthew Lester\Desktop\Files\Coding\VSCode Workspace\ARochaWildlifeSite\node_modules\mongoose\lib\collection.js:86:24)
[23/00/19] 22:32:04 [ERROR] [Application] DeprecationWarning: collection.ensureIndex is deprecated. Use createIndexes instead.
[23/00/19] 22:32:04 [ERROR] [Application]     at NativeCollection.(anonymous function) [as ensureIndex] (C:\Users\Matthew Lester\Desktop\Files\Coding\VSCode Workspace\ARochaWildlifeSite\node_modules\mongoose\lib\drivers\node-mongodb-native\collection.js:146:28)
[23/00/19] 22:32:04 [ERROR] [Application]     at NativeCollection.create (C:\Users\Matthew Lester\Desktop\Files\Coding\VSCode Workspace\ARochaWildlifeSite\node_modules\mongoose\lib\model.js:1462:33)
[23/00/19] 22:32:04 [ERROR] [Application]     at NativeCollection.Collection.doQueue (C:\Users\Matthew Lester\Desktop\Files\Coding\VSCode Workspace\ARochaWildlifeSite\node_modules\mongoose\lib\collection.js:124:24)
[23/00/19] 22:32:04 [ERROR] [Application]     at immediate (C:\Users\Matthew Lester\Desktop\Files\Coding\VSCode Workspace\ARochaWildlifeSite\node_modules\mongoose\lib\collection.js:86:24)
[23/00/19] 22:32:04 [ERROR] [Application]     at _combinedTickCallback (internal/process/next_tick.js:131:7)
[23/00/19] 22:32:04 [ERROR] [Application]     at process._tickDomainCallback (internal/process/next_tick.js:218:9)
[23/00/19] 22:33:11 [ERROR] [Application] DeprecationWarning: collection.ensureIndex is deprecated. Use createIndexes instead.
[23/00/19] 22:33:11 [ERROR] [Application]     at NativeCollection.(anonymous function) [as ensureIndex] (C:\Users\Matthew Lester\Desktop\Files\Coding\VSCode Workspace\ARochaWildlifeSite\node_modules\mongoose\lib\drivers\node-mongodb-native\collection.js:146:28)
[23/00/19] 22:33:11 [ERROR] [Application]     at NativeCollection.create (C:\Users\Matthew Lester\Desktop\Files\Coding\VSCode Workspace\ARochaWildlifeSite\node_modules\mongoose\lib\model.js:1462:33)
[23/00/19] 22:33:11 [ERROR] [Application]     at process._tickDomainCallback (internal/process/next_tick.js:218:9)
[23/00/19] 22:33:11 [ERROR] [Application]     at _combinedTickCallback (internal/process/next_tick.js:131:7)
[23/00/19] 22:33:11 [ERROR] [Application]     at immediate (C:\Users\Matthew Lester\Desktop\Files\Coding\VSCode Workspace\ARochaWildlifeSite\node_modules\mongoose\lib\collection.js:86:24)
[23/00/19] 22:33:11 [ERROR] [Application]     at NativeCollection.Collection.doQueue (C:\Users\Matthew Lester\Desktop\Files\Coding\VSCode Workspace\ARochaWildlifeSite\node_modules\mongoose\lib\collection.js:124:24)
[24/00/19] 12:21:28 [ERROR] [Application] DeprecationWarning: collection.ensureIndex is deprecated. Use createIndexes instead.
[24/00/19] 12:21:28 [ERROR] [Application]     at NativeCollection.(anonymous function) [as ensureIndex] (C:\Users\Matthew Lester\Desktop\Files\Coding\VSCode Workspace\ARochaWildlifeSite\node_modules\mongoose\lib\drivers\node-mongodb-native\collection.js:146:28)
[24/00/19] 12:21:28 [ERROR] [Application]     at NativeCollection.Collection.doQueue (C:\Users\Matthew Lester\Desktop\Files\Coding\VSCode Workspace\ARochaWildlifeSite\node_modules\mongoose\lib\collection.js:124:24)
[24/00/19] 12:21:28 [ERROR] [Application]     at NativeCollection.create (C:\Users\Matthew Lester\Desktop\Files\Coding\VSCode Workspace\ARochaWildlifeSite\node_modules\mongoose\lib\model.js:1462:33)
[24/00/19] 12:21:28 [ERROR] [Application]     at immediate (C:\Users\Matthew Lester\Desktop\Files\Coding\VSCode Workspace\ARochaWildlifeSite\node_modules\mongoose\lib\collection.js:86:24)
[24/00/19] 12:21:28 [ERROR] [Application]     at _combinedTickCallback (internal/process/next_tick.js:131:7)
[24/00/19] 12:21:28 [ERROR] [Application]     at process._tickDomainCallback (internal/process/next_tick.js:218:9)
[24/00/19] 12:22:23 [ERROR] [Application] DeprecationWarning: collection.ensureIndex is deprecated. Use createIndexes instead.
[24/00/19] 12:22:23 [ERROR] [Application]     at NativeCollection.create (C:\Users\Matthew Lester\Desktop\Files\Coding\VSCode Workspace\ARochaWildlifeSite\node_modules\mongoose\lib\model.js:1462:33)
[24/00/19] 12:22:23 [ERROR] [Application]     at NativeCollection.(anonymous function) [as ensureIndex] (C:\Users\Matthew Lester\Desktop\Files\Coding\VSCode Workspace\ARochaWildlifeSite\node_modules\mongoose\lib\drivers\node-mongodb-native\collection.js:146:28)
[24/00/19] 12:22:23 [ERROR] [Application]     at immediate (C:\Users\Matthew Lester\Desktop\Files\Coding\VSCode Workspace\ARochaWildlifeSite\node_modules\mongoose\lib\collection.js:86:24)
[24/00/19] 12:22:23 [ERROR] [Application]     at _combinedTickCallback (internal/process/next_tick.js:131:7)
[24/00/19] 12:22:23 [ERROR] [Application]     at NativeCollection.Collection.doQueue (C:\Users\Matthew Lester\Desktop\Files\Coding\VSCode Workspace\ARochaWildlifeSite\node_modules\mongoose\lib\collection.js:124:24)
[24/00/19] 12:22:23 [ERROR] [Application]     at process._tickDomainCallback (internal/process/next_tick.js:218:9)
[24/00/19] 12:24:50 [ERROR] [Application] DeprecationWarning: collection.ensureIndex is deprecated. Use createIndexes instead.
[24/00/19] 12:24:50 [ERROR] [Application]     at NativeCollection.(anonymous function) [as ensureIndex] (C:\Users\Matthew Lester\Desktop\Files\Coding\VSCode Workspace\ARochaWildlifeSite\node_modules\mongoose\lib\drivers\node-mongodb-native\collection.js:146:28)
[24/00/19] 12:24:50 [ERROR] [Application]     at NativeCollection.create (C:\Users\Matthew Lester\Desktop\Files\Coding\VSCode Workspace\ARochaWildlifeSite\node_modules\mongoose\lib\model.js:1462:33)
[24/00/19] 12:24:50 [ERROR] [Application]     at NativeCollection.Collection.doQueue (C:\Users\Matthew Lester\Desktop\Files\Coding\VSCode Workspace\ARochaWildlifeSite\node_modules\mongoose\lib\collection.js:124:24)
[24/00/19] 12:24:50 [ERROR] [Application]     at _combinedTickCallback (internal/process/next_tick.js:131:7)
[24/00/19] 12:24:50 [ERROR] [Application]     at process._tickDomainCallback (internal/process/next_tick.js:218:9)
[24/00/19] 12:24:50 [ERROR] [Application]     at immediate (C:\Users\Matthew Lester\Desktop\Files\Coding\VSCode Workspace\ARochaWildlifeSite\node_modules\mongoose\lib\collection.js:86:24)
[24/00/19] 12:27:25 [ERROR] [Application] DeprecationWarning: collection.ensureIndex is deprecated. Use createIndexes instead.
[24/00/19] 12:27:25 [ERROR] [Application]     at NativeCollection.(anonymous function) [as ensureIndex] (C:\Users\Matthew Lester\Desktop\Files\Coding\VSCode Workspace\ARochaWildlifeSite\node_modules\mongoose\lib\drivers\node-mongodb-native\collection.js:146:28)
[24/00/19] 12:27:25 [ERROR] [Application]     at immediate (C:\Users\Matthew Lester\Desktop\Files\Coding\VSCode Workspace\ARochaWildlifeSite\node_modules\mongoose\lib\collection.js:86:24)
[24/00/19] 12:27:25 [ERROR] [Application]     at NativeCollection.Collection.doQueue (C:\Users\Matthew Lester\Desktop\Files\Coding\VSCode Workspace\ARochaWildlifeSite\node_modules\mongoose\lib\collection.js:124:24)
[24/00/19] 12:27:25 [ERROR] [Application]     at NativeCollection.create (C:\Users\Matthew Lester\Desktop\Files\Coding\VSCode Workspace\ARochaWildlifeSite\node_modules\mongoose\lib\model.js:1462:33)
[24/00/19] 12:27:25 [ERROR] [Application]     at _combinedTickCallback (internal/process/next_tick.js:131:7)
[24/00/19] 12:27:25 [ERROR] [Application]     at process._tickDomainCallback (internal/process/next_tick.js:218:9)
[24/00/19] 12:30:25 [ERROR] [Application] DeprecationWarning: collection.ensureIndex is deprecated. Use createIndexes instead.
[24/00/19] 12:30:25 [ERROR] [Application]     at NativeCollection.(anonymous function) [as ensureIndex] (C:\Users\Matthew Lester\Desktop\Files\Coding\VSCode Workspace\ARochaWildlifeSite\node_modules\mongoose\lib\drivers\node-mongodb-native\collection.js:146:28)
[24/00/19] 12:30:25 [ERROR] [Application]     at NativeCollection.create (C:\Users\Matthew Lester\Desktop\Files\Coding\VSCode Workspace\ARochaWildlifeSite\node_modules\mongoose\lib\model.js:1462:33)
[24/00/19] 12:30:25 [ERROR] [Application]     at NativeCollection.Collection.doQueue (C:\Users\Matthew Lester\Desktop\Files\Coding\VSCode Workspace\ARochaWildlifeSite\node_modules\mongoose\lib\collection.js:124:24)
[24/00/19] 12:30:25 [ERROR] [Application]     at immediate (C:\Users\Matthew Lester\Desktop\Files\Coding\VSCode Workspace\ARochaWildlifeSite\node_modules\mongoose\lib\collection.js:86:24)
[24/00/19] 12:30:25 [ERROR] [Application]     at _combinedTickCallback (internal/process/next_tick.js:131:7)
[24/00/19] 12:30:25 [ERROR] [Application]     at process._tickDomainCallback (internal/process/next_tick.js:218:9)
[24/00/19] 12:32:08 [ERROR] [Application] DeprecationWarning: collection.ensureIndex is deprecated. Use createIndexes instead.
[24/00/19] 12:32:08 [ERROR] [Application]     at NativeCollection.(anonymous function) [as ensureIndex] (C:\Users\Matthew Lester\Desktop\Files\Coding\VSCode Workspace\ARochaWildlifeSite\node_modules\mongoose\lib\drivers\node-mongodb-native\collection.js:146:28)
[24/00/19] 12:32:08 [ERROR] [Application]     at NativeCollection.create (C:\Users\Matthew Lester\Desktop\Files\Coding\VSCode Workspace\ARochaWildlifeSite\node_modules\mongoose\lib\model.js:1462:33)
[24/00/19] 12:32:08 [ERROR] [Application]     at NativeCollection.Collection.doQueue (C:\Users\Matthew Lester\Desktop\Files\Coding\VSCode Workspace\ARochaWildlifeSite\node_modules\mongoose\lib\collection.js:124:24)
[24/00/19] 12:32:08 [ERROR] [Application]     at immediate (C:\Users\Matthew Lester\Desktop\Files\Coding\VSCode Workspace\ARochaWildlifeSite\node_modules\mongoose\lib\collection.js:86:24)
[24/00/19] 12:32:08 [ERROR] [Application]     at _combinedTickCallback (internal/process/next_tick.js:131:7)
[24/00/19] 12:32:08 [ERROR] [Application]     at process._tickDomainCallback (internal/process/next_tick.js:218:9)
[24/00/19] 12:33:11 [ERROR] [Application] DeprecationWarning: collection.ensureIndex is deprecated. Use createIndexes instead.
[24/00/19] 12:33:11 [ERROR] [Application]     at NativeCollection.create (C:\Users\Matthew Lester\Desktop\Files\Coding\VSCode Workspace\ARochaWildlifeSite\node_modules\mongoose\lib\model.js:1462:33)
[24/00/19] 12:33:11 [ERROR] [Application]     at NativeCollection.(anonymous function) [as ensureIndex] (C:\Users\Matthew Lester\Desktop\Files\Coding\VSCode Workspace\ARochaWildlifeSite\node_modules\mongoose\lib\drivers\node-mongodb-native\collection.js:146:28)
[24/00/19] 12:33:11 [ERROR] [Application]     at immediate (C:\Users\Matthew Lester\Desktop\Files\Coding\VSCode Workspace\ARochaWildlifeSite\node_modules\mongoose\lib\collection.js:86:24)
[24/00/19] 12:33:11 [ERROR] [Application]     at NativeCollection.Collection.doQueue (C:\Users\Matthew Lester\Desktop\Files\Coding\VSCode Workspace\ARochaWildlifeSite\node_modules\mongoose\lib\collection.js:124:24)
[24/00/19] 12:33:11 [ERROR] [Application]     at process._tickDomainCallback (internal/process/next_tick.js:218:9)
[24/00/19] 12:33:11 [ERROR] [Application]     at _combinedTickCallback (internal/process/next_tick.js:131:7)
[24/00/19] 12:35:33 [ERROR] [Application] DeprecationWarning: collection.ensureIndex is deprecated. Use createIndexes instead.
[24/00/19] 12:35:33 [ERROR] [Application]     at NativeCollection.(anonymous function) [as ensureIndex] (C:\Users\Matthew Lester\Desktop\Files\Coding\VSCode Workspace\ARochaWildlifeSite\node_modules\mongoose\lib\drivers\node-mongodb-native\collection.js:146:28)
[24/00/19] 12:35:33 [ERROR] [Application]     at NativeCollection.create (C:\Users\Matthew Lester\Desktop\Files\Coding\VSCode Workspace\ARochaWildlifeSite\node_modules\mongoose\lib\model.js:1462:33)
[24/00/19] 12:35:33 [ERROR] [Application]     at NativeCollection.Collection.doQueue (C:\Users\Matthew Lester\Desktop\Files\Coding\VSCode Workspace\ARochaWildlifeSite\node_modules\mongoose\lib\collection.js:124:24)
[24/00/19] 12:35:33 [ERROR] [Application]     at immediate (C:\Users\Matthew Lester\Desktop\Files\Coding\VSCode Workspace\ARochaWildlifeSite\node_modules\mongoose\lib\collection.js:86:24)
[24/00/19] 12:35:33 [ERROR] [Application]     at _combinedTickCallback (internal/process/next_tick.js:131:7)
[24/00/19] 12:35:33 [ERROR] [Application]     at process._tickDomainCallback (internal/process/next_tick.js:218:9)
[24/00/19] 12:37:07 [ERROR] [Application] DeprecationWarning: collection.ensureIndex is deprecated. Use createIndexes instead.
[24/00/19] 12:37:07 [ERROR] [Application]     at NativeCollection.(anonymous function) [as ensureIndex] (C:\Users\Matthew Lester\Desktop\Files\Coding\VSCode Workspace\ARochaWildlifeSite\node_modules\mongoose\lib\drivers\node-mongodb-native\collection.js:146:28)
[24/00/19] 12:37:07 [ERROR] [Application]     at NativeCollection.Collection.doQueue (C:\Users\Matthew Lester\Desktop\Files\Coding\VSCode Workspace\ARochaWildlifeSite\node_modules\mongoose\lib\collection.js:124:24)
[24/00/19] 12:37:07 [ERROR] [Application]     at NativeCollection.create (C:\Users\Matthew Lester\Desktop\Files\Coding\VSCode Workspace\ARochaWildlifeSite\node_modules\mongoose\lib\model.js:1462:33)
[24/00/19] 12:37:07 [ERROR] [Application]     at immediate (C:\Users\Matthew Lester\Desktop\Files\Coding\VSCode Workspace\ARochaWildlifeSite\node_modules\mongoose\lib\collection.js:86:24)
[24/00/19] 12:37:07 [ERROR] [Application]     at process._tickDomainCallback (internal/process/next_tick.js:218:9)
[24/00/19] 12:37:07 [ERROR] [Application]     at _combinedTickCallback (internal/process/next_tick.js:131:7)
[24/00/19] 20:06:34 [ERROR] [Application] DeprecationWarning: collection.ensureIndex is deprecated. Use createIndexes instead.
[24/00/19] 20:06:34 [ERROR] [Application]     at NativeCollection.(anonymous function) [as ensureIndex] (C:\Users\Matthew Lester\Desktop\Files\Coding\VSCode Workspace\ARochaWildlifeSite\node_modules\mongoose\lib\drivers\node-mongodb-native\collection.js:146:28)
[24/00/19] 20:06:34 [ERROR] [Application]     at NativeCollection.Collection.doQueue (C:\Users\Matthew Lester\Desktop\Files\Coding\VSCode Workspace\ARochaWildlifeSite\node_modules\mongoose\lib\collection.js:124:24)
[24/00/19] 20:06:34 [ERROR] [Application]     at NativeCollection.create (C:\Users\Matthew Lester\Desktop\Files\Coding\VSCode Workspace\ARochaWildlifeSite\node_modules\mongoose\lib\model.js:1462:33)
[24/00/19] 20:06:34 [ERROR] [Application]     at immediate (C:\Users\Matthew Lester\Desktop\Files\Coding\VSCode Workspace\ARochaWildlifeSite\node_modules\mongoose\lib\collection.js:86:24)
[24/00/19] 20:06:34 [ERROR] [Application]     at _combinedTickCallback (internal/process/next_tick.js:131:7)
[24/00/19] 20:06:34 [ERROR] [Application]     at process._tickDomainCallback (internal/process/next_tick.js:218:9)
[25/00/19] 19:43:12 [ERROR] [Application] DeprecationWarning: collection.ensureIndex is deprecated. Use createIndexes instead.
[25/00/19] 19:43:12 [ERROR] [Application]     at NativeCollection.(anonymous function) [as ensureIndex] (C:\Users\Matthew Lester\Desktop\Files\Coding\VSCode Workspace\ARochaWildlifeSite\node_modules\mongoose\lib\drivers\node-mongodb-native\collection.js:146:28)
[25/00/19] 19:43:12 [ERROR] [Application]     at immediate (C:\Users\Matthew Lester\Desktop\Files\Coding\VSCode Workspace\ARochaWildlifeSite\node_modules\mongoose\lib\collection.js:86:24)
[25/00/19] 19:43:12 [ERROR] [Application]     at NativeCollection.Collection.doQueue (C:\Users\Matthew Lester\Desktop\Files\Coding\VSCode Workspace\ARochaWildlifeSite\node_modules\mongoose\lib\collection.js:124:24)
[25/00/19] 19:43:12 [ERROR] [Application]     at NativeCollection.create (C:\Users\Matthew Lester\Desktop\Files\Coding\VSCode Workspace\ARochaWildlifeSite\node_modules\mongoose\lib\model.js:1462:33)
[25/00/19] 19:43:12 [ERROR] [Application]     at _combinedTickCallback (internal/process/next_tick.js:131:7)
[25/00/19] 19:43:12 [ERROR] [Application]     at process._tickDomainCallback (internal/process/next_tick.js:218:9)
[28/00/19] 17:33:25 [ERROR] [Application] DeprecationWarning: collection.ensureIndex is deprecated. Use createIndexes instead.
[28/00/19] 17:33:25 [ERROR] [Application]     at NativeCollection.(anonymous function) [as ensureIndex] (C:\Users\Matthew Lester\Desktop\Files\Coding\VSCode Workspace\ARochaWildlifeSite\node_modules\mongoose\lib\drivers\node-mongodb-native\collection.js:146:28)
[28/00/19] 17:33:25 [ERROR] [Application]     at NativeCollection.create (C:\Users\Matthew Lester\Desktop\Files\Coding\VSCode Workspace\ARochaWildlifeSite\node_modules\mongoose\lib\model.js:1462:33)
[28/00/19] 17:33:25 [ERROR] [Application]     at NativeCollection.Collection.doQueue (C:\Users\Matthew Lester\Desktop\Files\Coding\VSCode Workspace\ARochaWildlifeSite\node_modules\mongoose\lib\collection.js:124:24)
[28/00/19] 17:33:25 [ERROR] [Application]     at process._tickDomainCallback (internal/process/next_tick.js:218:9)
[28/00/19] 17:33:25 [ERROR] [Application]     at _combinedTickCallback (internal/process/next_tick.js:131:7)
[28/00/19] 17:33:25 [ERROR] [Application]     at immediate (C:\Users\Matthew Lester\Desktop\Files\Coding\VSCode Workspace\ARochaWildlifeSite\node_modules\mongoose\lib\collection.js:86:24)
[28/00/19] 17:36:01 [ERROR] [Application] DeprecationWarning: collection.findAndModify is deprecated. Use findOneAndUpdate, findOneAndReplace or findOneAndDelete instead.
[28/00/19] 17:36:01 [ERROR] [Application]     at NodeCollection.findAndModify (C:\Users\Matthew Lester\Desktop\Files\Coding\VSCode Workspace\ARochaWildlifeSite\node_modules\mquery\lib\collection\node.js:123:19)
[28/00/19] 17:36:01 [ERROR] [Application]     at NativeCollection.(anonymous function) [as findAndModify] (C:\Users\Matthew Lester\Desktop\Files\Coding\VSCode Workspace\ARochaWildlifeSite\node_modules\mongoose\lib\drivers\node-mongodb-native\collection.js:146:28)
[28/00/19] 17:36:01 [ERROR] [Application]     at model.Query.Query._findAndModify (C:\Users\Matthew Lester\Desktop\Files\Coding\VSCode Workspace\ARochaWildlifeSite\node_modules\mongoose\lib\query.js:3372:22)
[28/00/19] 17:36:01 [ERROR] [Application]     at model.Query.<anonymous> (C:\Users\Matthew Lester\Desktop\Files\Coding\VSCode Workspace\ARochaWildlifeSite\node_modules\mongoose\lib\query.js:2830:8)
[28/00/19] 17:36:01 [ERROR] [Application]     at model.Query._wrappedThunk [as _findOneAndUpdate] (C:\Users\Matthew Lester\Desktop\Files\Coding\VSCode Workspace\ARochaWildlifeSite\node_modules\mongoose\lib\helpers\query\wrapThunk.js:16:8)
[28/00/19] 17:36:01 [ERROR] [Application]     at process.nextTick (C:\Users\Matthew Lester\Desktop\Files\Coding\VSCode Workspace\ARochaWildlifeSite\node_modules\kareem\index.js:369:33)
[28/00/19] 17:36:01 [ERROR] [Application]     at _combinedTickCallback (internal/process/next_tick.js:131:7)
[28/00/19] 17:36:01 [ERROR] [Application]     at process._tickDomainCallback (internal/process/next_tick.js:218:9)
[29/00/19] 14:30:31 [ERROR] [Application] DeprecationWarning: collection.ensureIndex is deprecated. Use createIndexes instead.
[29/00/19] 14:30:31 [ERROR] [Application]     at NativeCollection.(anonymous function) [as ensureIndex] (C:\Users\Matthew Lester\Desktop\Files\Coding\VSCode Workspace\ARochaWildlifeSite\node_modules\mongoose\lib\drivers\node-mongodb-native\collection.js:146:28)
[29/00/19] 14:30:31 [ERROR] [Application]     at NativeCollection.Collection.doQueue (C:\Users\Matthew Lester\Desktop\Files\Coding\VSCode Workspace\ARochaWildlifeSite\node_modules\mongoose\lib\collection.js:124:24)
[29/00/19] 14:30:31 [ERROR] [Application]     at NativeCollection.create (C:\Users\Matthew Lester\Desktop\Files\Coding\VSCode Workspace\ARochaWildlifeSite\node_modules\mongoose\lib\model.js:1462:33)
[29/00/19] 14:30:31 [ERROR] [Application]     at _combinedTickCallback (internal/process/next_tick.js:131:7)
[29/00/19] 14:30:31 [ERROR] [Application]     at process._tickDomainCallback (internal/process/next_tick.js:218:9)
[29/00/19] 14:30:31 [ERROR] [Application]     at immediate (C:\Users\Matthew Lester\Desktop\Files\Coding\VSCode Workspace\ARochaWildlifeSite\node_modules\mongoose\lib\collection.js:86:24)
[01/01/19] 17:39:34 [ERROR] [Application] DeprecationWarning: collection.ensureIndex is deprecated. Use createIndexes instead.
[01/01/19] 17:39:34 [ERROR] [Application]     at NativeCollection.(anonymous function) [as ensureIndex] (C:\Users\Matthew Lester\Desktop\Files\Coding\VSCode Workspace\ARochaWildlifeSite\node_modules\mongoose\lib\drivers\node-mongodb-native\collection.js:146:28)
[01/01/19] 17:39:34 [ERROR] [Application]     at NativeCollection.Collection.doQueue (C:\Users\Matthew Lester\Desktop\Files\Coding\VSCode Workspace\ARochaWildlifeSite\node_modules\mongoose\lib\collection.js:124:24)
[01/01/19] 17:39:34 [ERROR] [Application]     at NativeCollection.create (C:\Users\Matthew Lester\Desktop\Files\Coding\VSCode Workspace\ARochaWildlifeSite\node_modules\mongoose\lib\model.js:1462:33)
[01/01/19] 17:39:34 [ERROR] [Application]     at _combinedTickCallback (internal/process/next_tick.js:131:7)
[01/01/19] 17:39:34 [ERROR] [Application]     at immediate (C:\Users\Matthew Lester\Desktop\Files\Coding\VSCode Workspace\ARochaWildlifeSite\node_modules\mongoose\lib\collection.js:86:24)
[01/01/19] 17:39:34 [ERROR] [Application]     at process._tickDomainCallback (internal/process/next_tick.js:218:9)
[01/01/19] 22:17:31 [ERROR] [Application] DeprecationWarning: collection.ensureIndex is deprecated. Use createIndexes instead.
[01/01/19] 22:17:31 [ERROR] [Application]     at NativeCollection.(anonymous function) [as ensureIndex] (C:\Users\Matthew Lester\Desktop\Files\Coding\VSCode Workspace\ARochaWildlifeSite\node_modules\mongoose\lib\drivers\node-mongodb-native\collection.js:146:28)
[01/01/19] 22:17:31 [ERROR] [Application]     at NativeCollection.create (C:\Users\Matthew Lester\Desktop\Files\Coding\VSCode Workspace\ARochaWildlifeSite\node_modules\mongoose\lib\model.js:1462:33)
[01/01/19] 22:17:31 [ERROR] [Application]     at NativeCollection.Collection.doQueue (C:\Users\Matthew Lester\Desktop\Files\Coding\VSCode Workspace\ARochaWildlifeSite\node_modules\mongoose\lib\collection.js:124:24)
[01/01/19] 22:17:31 [ERROR] [Application]     at immediate (C:\Users\Matthew Lester\Desktop\Files\Coding\VSCode Workspace\ARochaWildlifeSite\node_modules\mongoose\lib\collection.js:86:24)
[01/01/19] 22:17:31 [ERROR] [Application]     at _combinedTickCallback (internal/process/next_tick.js:131:7)
[01/01/19] 22:17:31 [ERROR] [Application]     at process._tickDomainCallback (internal/process/next_tick.js:218:9)
[02/01/19] 01:07:42 [ERROR] [Application] DeprecationWarning: collection.ensureIndex is deprecated. Use createIndexes instead.
[02/01/19] 01:07:42 [ERROR] [Application]     at NativeCollection.(anonymous function) [as ensureIndex] (C:\Users\Matthew Lester\Desktop\Files\Coding\VSCode Workspace\ARochaWildlifeSite\node_modules\mongoose\lib\drivers\node-mongodb-native\collection.js:146:28)
[02/01/19] 01:07:42 [ERROR] [Application]     at immediate (C:\Users\Matthew Lester\Desktop\Files\Coding\VSCode Workspace\ARochaWildlifeSite\node_modules\mongoose\lib\collection.js:86:24)
[02/01/19] 01:07:42 [ERROR] [Application]     at NativeCollection.Collection.doQueue (C:\Users\Matthew Lester\Desktop\Files\Coding\VSCode Workspace\ARochaWildlifeSite\node_modules\mongoose\lib\collection.js:124:24)
[02/01/19] 01:07:42 [ERROR] [Application]     at NativeCollection.create (C:\Users\Matthew Lester\Desktop\Files\Coding\VSCode Workspace\ARochaWildlifeSite\node_modules\mongoose\lib\model.js:1462:33)
[02/01/19] 01:07:42 [ERROR] [Application]     at process._tickDomainCallback (internal/process/next_tick.js:218:9)
[02/01/19] 01:07:42 [ERROR] [Application]     at _combinedTickCallback (internal/process/next_tick.js:131:7)
[02/01/19] 01:08:32 [ERROR] [Application] DeprecationWarning: collection.ensureIndex is deprecated. Use createIndexes instead.
[02/01/19] 01:08:32 [ERROR] [Application]     at NativeCollection.(anonymous function) [as ensureIndex] (C:\Users\Matthew Lester\Desktop\Files\Coding\VSCode Workspace\ARochaWildlifeSite\node_modules\mongoose\lib\drivers\node-mongodb-native\collection.js:146:28)
[02/01/19] 01:08:32 [ERROR] [Application]     at NativeCollection.create (C:\Users\Matthew Lester\Desktop\Files\Coding\VSCode Workspace\ARochaWildlifeSite\node_modules\mongoose\lib\model.js:1462:33)
[02/01/19] 01:08:32 [ERROR] [Application]     at NativeCollection.Collection.doQueue (C:\Users\Matthew Lester\Desktop\Files\Coding\VSCode Workspace\ARochaWildlifeSite\node_modules\mongoose\lib\collection.js:124:24)
[02/01/19] 01:08:32 [ERROR] [Application]     at immediate (C:\Users\Matthew Lester\Desktop\Files\Coding\VSCode Workspace\ARochaWildlifeSite\node_modules\mongoose\lib\collection.js:86:24)
[02/01/19] 01:08:32 [ERROR] [Application]     at _combinedTickCallback (internal/process/next_tick.js:131:7)
[02/01/19] 01:08:32 [ERROR] [Application]     at process._tickDomainCallback (internal/process/next_tick.js:218:9)
[02/01/19] 01:08:41 [ERROR] [Routes/User] No upload found, or owner does not match logged-in user.
[02/01/19] 01:10:01 [ERROR] [Application] DeprecationWarning: collection.ensureIndex is deprecated. Use createIndexes instead.
[02/01/19] 01:10:01 [ERROR] [Application]     at NativeCollection.(anonymous function) [as ensureIndex] (C:\Users\Matthew Lester\Desktop\Files\Coding\VSCode Workspace\ARochaWildlifeSite\node_modules\mongoose\lib\drivers\node-mongodb-native\collection.js:146:28)
[02/01/19] 01:10:01 [ERROR] [Application]     at NativeCollection.create (C:\Users\Matthew Lester\Desktop\Files\Coding\VSCode Workspace\ARochaWildlifeSite\node_modules\mongoose\lib\model.js:1462:33)
[02/01/19] 01:10:01 [ERROR] [Application]     at NativeCollection.Collection.doQueue (C:\Users\Matthew Lester\Desktop\Files\Coding\VSCode Workspace\ARochaWildlifeSite\node_modules\mongoose\lib\collection.js:124:24)
[02/01/19] 01:10:01 [ERROR] [Application]     at immediate (C:\Users\Matthew Lester\Desktop\Files\Coding\VSCode Workspace\ARochaWildlifeSite\node_modules\mongoose\lib\collection.js:86:24)
[02/01/19] 01:10:01 [ERROR] [Application]     at _combinedTickCallback (internal/process/next_tick.js:131:7)
[02/01/19] 01:10:01 [ERROR] [Application]     at process._tickDomainCallback (internal/process/next_tick.js:218:9)
[02/01/19] 01:11:24 [ERROR] [Application] TypeError: Cannot read property 'equals' of undefined
[02/01/19] 01:11:24 [ERROR] [Application]     at UserRouter._callee3$ (C:/Users/Matthew Lester/Desktop/Files/Coding/VSCode Workspace/ARochaWildlifeSite/routes/user.js:91:42)
[02/01/19] 01:11:24 [ERROR] [Application]     at Generator.invoke [as _invoke] (C:\Users\Matthew Lester\Desktop\Files\Coding\VSCode Workspace\ARochaWildlifeSite\node_modules\regenerator-runtime\runtime.js:303:22)
[02/01/19] 01:11:24 [ERROR] [Application]     at Generator.prototype.(anonymous function) [as next] (C:\Users\Matthew Lester\Desktop\Files\Coding\VSCode Workspace\ARochaWildlifeSite\node_modules\regenerator-runtime\runtime.js:117:21)
[02/01/19] 01:11:24 [ERROR] [Application]     at step (C:\Users\Matthew Lester\Desktop\Files\Coding\VSCode Workspace\ARochaWildlifeSite\routes\user.js:43:191)
[02/01/19] 01:11:24 [ERROR] [Application]     at tryCatch (C:\Users\Matthew Lester\Desktop\Files\Coding\VSCode Workspace\ARochaWildlifeSite\node_modules\regenerator-runtime\runtime.js:65:40)
[02/01/19] 01:11:24 [ERROR] [Application]     at C:\Users\Matthew Lester\Desktop\Files\Coding\VSCode Workspace\ARochaWildlifeSite\routes\user.js:43:437
[02/01/19] 01:11:24 [ERROR] [Application]     at new Promise (<anonymous>)
[02/01/19] 01:11:24 [ERROR] [Application]     at C:\Users\Matthew Lester\Desktop\Files\Coding\VSCode Workspace\ARochaWildlifeSite\routes\user.js:43:99
[02/01/19] 01:11:24 [ERROR] [Application]     at C:/Users/Matthew Lester/Desktop/Files/Coding/VSCode Workspace/ARochaWildlifeSite/routes/user.js:74:9
[02/01/19] 01:11:24 [ERROR] [Application]     at Layer.handle [as handle_request] (C:\Users\Matthew Lester\Desktop\Files\Coding\VSCode Workspace\ARochaWildlifeSite\node_modules\express\lib\router\layer.js:95:5)
[02/01/19] 01:11:24 [ERROR] [Application]     at next (C:\Users\Matthew Lester\Desktop\Files\Coding\VSCode Workspace\ARochaWildlifeSite\node_modules\express\lib\router\route.js:137:13)
[02/01/19] 01:11:24 [ERROR] [Application]     at C:/Users/Matthew Lester/Desktop/Files/Coding/VSCode Workspace/ARochaWildlifeSite/lib/middleware.js:30:21
[02/01/19] 01:11:24 [ERROR] [Application]     at Layer.handle [as handle_request] (C:\Users\Matthew Lester\Desktop\Files\Coding\VSCode Workspace\ARochaWildlifeSite\node_modules\express\lib\router\layer.js:95:5)
[02/01/19] 01:11:24 [ERROR] [Application]     at next (C:\Users\Matthew Lester\Desktop\Files\Coding\VSCode Workspace\ARochaWildlifeSite\node_modules\express\lib\router\route.js:137:13)
[02/01/19] 01:11:24 [ERROR] [Application]     at Route.dispatch (C:\Users\Matthew Lester\Desktop\Files\Coding\VSCode Workspace\ARochaWildlifeSite\node_modules\express\lib\router\route.js:112:3)
[02/01/19] 01:11:24 [ERROR] [Application]     at Layer.handle [as handle_request] (C:\Users\Matthew Lester\Desktop\Files\Coding\VSCode Workspace\ARochaWildlifeSite\node_modules\express\lib\router\layer.js:95:5)
[02/01/19] 01:11:24 [ERROR] [Application] DeprecationWarning: Unhandled promise rejections are deprecated. In the future, promise rejections that are not handled will terminate the Node.js process with a non-zero exit code.
[02/01/19] 01:11:24 [ERROR] [Application]     at emitWarning (internal/process/promises.js:78:15)
[02/01/19] 01:11:24 [ERROR] [Application]     at emitPendingUnhandledRejections (internal/process/promises.js:95:11)
[02/01/19] 01:11:24 [ERROR] [Application]     at runMicrotasksCallback (internal/process/next_tick.js:124:9)
[02/01/19] 01:11:24 [ERROR] [Application]     at _combinedTickCallback (internal/process/next_tick.js:131:7)
[02/01/19] 01:11:24 [ERROR] [Application]     at process._tickDomainCallback (internal/process/next_tick.js:218:9)
[02/01/19] 01:12:06 [ERROR] [Application] DeprecationWarning: collection.ensureIndex is deprecated. Use createIndexes instead.
[02/01/19] 01:12:06 [ERROR] [Application]     at NativeCollection.(anonymous function) [as ensureIndex] (C:\Users\Matthew Lester\Desktop\Files\Coding\VSCode Workspace\ARochaWildlifeSite\node_modules\mongoose\lib\drivers\node-mongodb-native\collection.js:146:28)
[02/01/19] 01:12:06 [ERROR] [Application]     at NativeCollection.create (C:\Users\Matthew Lester\Desktop\Files\Coding\VSCode Workspace\ARochaWildlifeSite\node_modules\mongoose\lib\model.js:1462:33)
[02/01/19] 01:12:06 [ERROR] [Application]     at NativeCollection.Collection.doQueue (C:\Users\Matthew Lester\Desktop\Files\Coding\VSCode Workspace\ARochaWildlifeSite\node_modules\mongoose\lib\collection.js:124:24)
[02/01/19] 01:12:06 [ERROR] [Application]     at immediate (C:\Users\Matthew Lester\Desktop\Files\Coding\VSCode Workspace\ARochaWildlifeSite\node_modules\mongoose\lib\collection.js:86:24)
[02/01/19] 01:12:06 [ERROR] [Application]     at _combinedTickCallback (internal/process/next_tick.js:131:7)
[02/01/19] 01:12:06 [ERROR] [Application]     at process._tickDomainCallback (internal/process/next_tick.js:218:9)
[02/01/19] 01:13:14 [ERROR] [Application] DeprecationWarning: collection.ensureIndex is deprecated. Use createIndexes instead.
[02/01/19] 01:13:14 [ERROR] [Application]     at NativeCollection.(anonymous function) [as ensureIndex] (C:\Users\Matthew Lester\Desktop\Files\Coding\VSCode Workspace\ARochaWildlifeSite\node_modules\mongoose\lib\drivers\node-mongodb-native\collection.js:146:28)
[02/01/19] 01:13:14 [ERROR] [Application]     at NativeCollection.create (C:\Users\Matthew Lester\Desktop\Files\Coding\VSCode Workspace\ARochaWildlifeSite\node_modules\mongoose\lib\model.js:1462:33)
[02/01/19] 01:13:14 [ERROR] [Application]     at NativeCollection.Collection.doQueue (C:\Users\Matthew Lester\Desktop\Files\Coding\VSCode Workspace\ARochaWildlifeSite\node_modules\mongoose\lib\collection.js:124:24)
[02/01/19] 01:13:14 [ERROR] [Application]     at immediate (C:\Users\Matthew Lester\Desktop\Files\Coding\VSCode Workspace\ARochaWildlifeSite\node_modules\mongoose\lib\collection.js:86:24)
[02/01/19] 01:13:14 [ERROR] [Application]     at _combinedTickCallback (internal/process/next_tick.js:131:7)
[02/01/19] 01:13:14 [ERROR] [Application]     at process._tickDomainCallback (internal/process/next_tick.js:218:9)
[02/01/19] 01:13:24 [ERROR] [Application] DeprecationWarning: collection.remove is deprecated. Use deleteOne, deleteMany, or bulkWrite instead.
[02/01/19] 01:13:24 [ERROR] [Application]     at NativeCollection.(anonymous function) [as remove] (C:\Users\Matthew Lester\Desktop\Files\Coding\VSCode Workspace\ARochaWildlifeSite\node_modules\mongoose\lib\drivers\node-mongodb-native\collection.js:146:28)
[02/01/19] 01:13:24 [ERROR] [Application]     at NodeCollection.remove (C:\Users\Matthew Lester\Desktop\Files\Coding\VSCode Workspace\ARochaWildlifeSite\node_modules\mquery\lib\collection\node.js:114:19)
[02/01/19] 01:13:24 [ERROR] [Application]     at model.Query.<anonymous> (C:\Users\Matthew Lester\Desktop\Files\Coding\VSCode Workspace\ARochaWildlifeSite\node_modules\mongoose\lib\query.js:2492:28)
[02/01/19] 01:13:24 [ERROR] [Application]     at model.Query.Query.remove (C:\Users\Matthew Lester\Desktop\Files\Coding\VSCode Workspace\ARochaWildlifeSite\node_modules\mquery\lib\mquery.js:2567:20)
[02/01/19] 01:13:24 [ERROR] [Application]     at model.Query._wrappedThunk [as _remove] (C:\Users\Matthew Lester\Desktop\Files\Coding\VSCode Workspace\ARochaWildlifeSite\node_modules\mongoose\lib\helpers\query\wrapThunk.js:16:8)
[02/01/19] 01:13:24 [ERROR] [Application]     at process.nextTick (C:\Users\Matthew Lester\Desktop\Files\Coding\VSCode Workspace\ARochaWildlifeSite\node_modules\kareem\index.js:369:33)
[02/01/19] 01:13:24 [ERROR] [Application]     at process._tickDomainCallback (internal/process/next_tick.js:218:9)
[02/01/19] 01:13:24 [ERROR] [Application]     at _combinedTickCallback (internal/process/next_tick.js:131:7)
[02/01/19] 01:16:44 [ERROR] [Application] DeprecationWarning: collection.ensureIndex is deprecated. Use createIndexes instead.
[02/01/19] 01:16:44 [ERROR] [Application]     at NativeCollection.(anonymous function) [as ensureIndex] (C:\Users\Matthew Lester\Desktop\Files\Coding\VSCode Workspace\ARochaWildlifeSite\node_modules\mongoose\lib\drivers\node-mongodb-native\collection.js:146:28)
[02/01/19] 01:16:44 [ERROR] [Application]     at NativeCollection.Collection.doQueue (C:\Users\Matthew Lester\Desktop\Files\Coding\VSCode Workspace\ARochaWildlifeSite\node_modules\mongoose\lib\collection.js:124:24)
[02/01/19] 01:16:44 [ERROR] [Application]     at _combinedTickCallback (internal/process/next_tick.js:131:7)
[02/01/19] 01:16:44 [ERROR] [Application]     at immediate (C:\Users\Matthew Lester\Desktop\Files\Coding\VSCode Workspace\ARochaWildlifeSite\node_modules\mongoose\lib\collection.js:86:24)
[02/01/19] 01:16:44 [ERROR] [Application]     at process._tickDomainCallback (internal/process/next_tick.js:218:9)
[02/01/19] 01:16:44 [ERROR] [Application]     at NativeCollection.create (C:\Users\Matthew Lester\Desktop\Files\Coding\VSCode Workspace\ARochaWildlifeSite\node_modules\mongoose\lib\model.js:1462:33)
[02/01/19] 15:32:33 [ERROR] [Application] DeprecationWarning: collection.ensureIndex is deprecated. Use createIndexes instead.
[02/01/19] 15:32:33 [ERROR] [Application]     at NativeCollection.(anonymous function) [as ensureIndex] (C:\Users\Matthew Lester\Desktop\Files\Coding\VSCode Workspace\ARochaWildlifeSite\node_modules\mongoose\lib\drivers\node-mongodb-native\collection.js:146:28)
[02/01/19] 15:32:33 [ERROR] [Application]     at immediate (C:\Users\Matthew Lester\Desktop\Files\Coding\VSCode Workspace\ARochaWildlifeSite\node_modules\mongoose\lib\collection.js:86:24)
[02/01/19] 15:32:33 [ERROR] [Application]     at _combinedTickCallback (internal/process/next_tick.js:131:7)
[02/01/19] 15:32:33 [ERROR] [Application]     at process._tickDomainCallback (internal/process/next_tick.js:218:9)
[02/01/19] 15:32:33 [ERROR] [Application]     at NativeCollection.Collection.doQueue (C:\Users\Matthew Lester\Desktop\Files\Coding\VSCode Workspace\ARochaWildlifeSite\node_modules\mongoose\lib\collection.js:124:24)
[02/01/19] 15:32:33 [ERROR] [Application]     at NativeCollection.create (C:\Users\Matthew Lester\Desktop\Files\Coding\VSCode Workspace\ARochaWildlifeSite\node_modules\mongoose\lib\model.js:1462:33)
[02/01/19] 16:11:16 [ERROR] [Application] DeprecationWarning: collection.ensureIndex is deprecated. Use createIndexes instead.
[02/01/19] 16:11:16 [ERROR] [Application]     at NativeCollection.(anonymous function) [as ensureIndex] (C:\Users\Matthew Lester\Desktop\Files\Coding\VSCode Workspace\ARochaWildlifeSite\node_modules\mongoose\lib\drivers\node-mongodb-native\collection.js:146:28)
[02/01/19] 16:11:16 [ERROR] [Application]     at NativeCollection.create (C:\Users\Matthew Lester\Desktop\Files\Coding\VSCode Workspace\ARochaWildlifeSite\node_modules\mongoose\lib\model.js:1462:33)
[02/01/19] 16:11:16 [ERROR] [Application]     at NativeCollection.Collection.doQueue (C:\Users\Matthew Lester\Desktop\Files\Coding\VSCode Workspace\ARochaWildlifeSite\node_modules\mongoose\lib\collection.js:124:24)
[02/01/19] 16:11:16 [ERROR] [Application]     at immediate (C:\Users\Matthew Lester\Desktop\Files\Coding\VSCode Workspace\ARochaWildlifeSite\node_modules\mongoose\lib\collection.js:86:24)
[02/01/19] 16:11:16 [ERROR] [Application]     at _combinedTickCallback (internal/process/next_tick.js:131:7)
[02/01/19] 16:11:16 [ERROR] [Application]     at process._tickDomainCallback (internal/process/next_tick.js:218:9)
[02/01/19] 16:11:33 [ERROR] [Routes/User] Failed to update a data upload: DataUpload validation failed: methodology: Path `methodology` is required.
[02/01/19] 16:15:09 [ERROR] [Routes/User] Failed to update a data upload: DataUpload validation failed: methodology: Path `methodology` is required.
[02/01/19] 16:20:33 [ERROR] [Application] DeprecationWarning: collection.ensureIndex is deprecated. Use createIndexes instead.
[02/01/19] 16:20:33 [ERROR] [Application]     at NativeCollection.(anonymous function) [as ensureIndex] (C:\Users\Matthew Lester\Desktop\Files\Coding\VSCode Workspace\ARochaWildlifeSite\node_modules\mongoose\lib\drivers\node-mongodb-native\collection.js:146:28)
[02/01/19] 16:20:33 [ERROR] [Application]     at NativeCollection.create (C:\Users\Matthew Lester\Desktop\Files\Coding\VSCode Workspace\ARochaWildlifeSite\node_modules\mongoose\lib\model.js:1462:33)
[02/01/19] 16:20:33 [ERROR] [Application]     at NativeCollection.Collection.doQueue (C:\Users\Matthew Lester\Desktop\Files\Coding\VSCode Workspace\ARochaWildlifeSite\node_modules\mongoose\lib\collection.js:124:24)
[02/01/19] 16:20:33 [ERROR] [Application]     at immediate (C:\Users\Matthew Lester\Desktop\Files\Coding\VSCode Workspace\ARochaWildlifeSite\node_modules\mongoose\lib\collection.js:86:24)
[02/01/19] 16:20:33 [ERROR] [Application]     at _combinedTickCallback (internal/process/next_tick.js:131:7)
[02/01/19] 16:20:33 [ERROR] [Application]     at process._tickDomainCallback (internal/process/next_tick.js:218:9)
[03/01/19] 17:10:55 [ERROR] [Application] DeprecationWarning: collection.ensureIndex is deprecated. Use createIndexes instead.
[03/01/19] 17:10:55 [ERROR] [Application]     at NativeCollection.(anonymous function) [as ensureIndex] (C:\Users\Matthew Lester\Desktop\Files\Coding\VSCode Workspace\ARochaWildlifeSite\node_modules\mongoose\lib\drivers\node-mongodb-native\collection.js:146:28)
[03/01/19] 17:10:55 [ERROR] [Application]     at immediate (C:\Users\Matthew Lester\Desktop\Files\Coding\VSCode Workspace\ARochaWildlifeSite\node_modules\mongoose\lib\collection.js:86:24)
[03/01/19] 17:10:55 [ERROR] [Application]     at NativeCollection.create (C:\Users\Matthew Lester\Desktop\Files\Coding\VSCode Workspace\ARochaWildlifeSite\node_modules\mongoose\lib\model.js:1462:33)
[03/01/19] 17:10:55 [ERROR] [Application]     at _combinedTickCallback (internal/process/next_tick.js:131:7)
[03/01/19] 17:10:55 [ERROR] [Application]     at process._tickDomainCallback (internal/process/next_tick.js:218:9)
[03/01/19] 17:10:55 [ERROR] [Application]     at NativeCollection.Collection.doQueue (C:\Users\Matthew Lester\Desktop\Files\Coding\VSCode Workspace\ARochaWildlifeSite\node_modules\mongoose\lib\collection.js:124:24)
[03/01/19] 17:11:02 [ERROR] [Models/DataUpload] Failed to find tgroup by id.
[03/01/19] 17:11:02 [ERROR] [Models/Location] Failed to find location by id.
[03/01/19] 17:14:30 [ERROR] [Models/DataUpload] Failed to find tgroup by id.
[03/01/19] 17:14:30 [ERROR] [Models/Location] Failed to find location by id.
[03/01/19] 17:15:10 [ERROR] [Models/DataUpload] Failed to find tgroup by id.
[03/01/19] 17:15:10 [ERROR] [Models/Location] Failed to find location by id.
[03/01/19] 17:16:55 [ERROR] [Models/DataUpload] Failed to find tgroup by id.
[03/01/19] 17:16:55 [ERROR] [Models/Location] Failed to find location by id.
[03/01/19] 17:19:27 [ERROR] [Models/DataUpload] Failed to find tgroup by id.
[03/01/19] 17:19:27 [ERROR] [Models/Location] Failed to find location by id.
[03/01/19] 17:25:43 [ERROR] [Models/DataUpload] Failed to find tgroup by id.
[03/01/19] 17:25:43 [ERROR] [Models/Location] Failed to find location by id.
[03/01/19] 17:25:50 [ERROR] [Models/DataUpload] Failed to find tgroup by id.
[03/01/19] 17:25:50 [ERROR] [Models/Location] Failed to find location by id.
[03/01/19] 17:32:30 [ERROR] [Application] DeprecationWarning: collection.ensureIndex is deprecated. Use createIndexes instead.
[03/01/19] 17:32:30 [ERROR] [Application]     at NativeCollection.(anonymous function) [as ensureIndex] (C:\Users\Matthew Lester\Desktop\Files\Coding\VSCode Workspace\ARochaWildlifeSite\node_modules\mongoose\lib\drivers\node-mongodb-native\collection.js:146:28)
[03/01/19] 17:32:30 [ERROR] [Application]     at NativeCollection.create (C:\Users\Matthew Lester\Desktop\Files\Coding\VSCode Workspace\ARochaWildlifeSite\node_modules\mongoose\lib\model.js:1462:33)
[03/01/19] 17:32:30 [ERROR] [Application]     at NativeCollection.Collection.doQueue (C:\Users\Matthew Lester\Desktop\Files\Coding\VSCode Workspace\ARochaWildlifeSite\node_modules\mongoose\lib\collection.js:124:24)
[03/01/19] 17:32:30 [ERROR] [Application]     at immediate (C:\Users\Matthew Lester\Desktop\Files\Coding\VSCode Workspace\ARochaWildlifeSite\node_modules\mongoose\lib\collection.js:86:24)
[03/01/19] 17:32:30 [ERROR] [Application]     at _combinedTickCallback (internal/process/next_tick.js:131:7)
[03/01/19] 17:32:30 [ERROR] [Application]     at process._tickDomainCallback (internal/process/next_tick.js:218:9)
[03/01/19] 17:32:31 [ERROR] [Application] DeprecationWarning: collection.remove is deprecated. Use deleteOne, deleteMany, or bulkWrite instead.
[03/01/19] 17:32:31 [ERROR] [Application]     at NativeCollection.(anonymous function) [as remove] (C:\Users\Matthew Lester\Desktop\Files\Coding\VSCode Workspace\ARochaWildlifeSite\node_modules\mongoose\lib\drivers\node-mongodb-native\collection.js:146:28)
[03/01/19] 17:32:31 [ERROR] [Application]     at NodeCollection.remove (C:\Users\Matthew Lester\Desktop\Files\Coding\VSCode Workspace\ARochaWildlifeSite\node_modules\mquery\lib\collection\node.js:114:19)
[03/01/19] 17:32:31 [ERROR] [Application]     at model.Query.Query.remove (C:\Users\Matthew Lester\Desktop\Files\Coding\VSCode Workspace\ARochaWildlifeSite\node_modules\mquery\lib\mquery.js:2567:20)
[03/01/19] 17:32:31 [ERROR] [Application]     at model.Query._wrappedThunk [as _remove] (C:\Users\Matthew Lester\Desktop\Files\Coding\VSCode Workspace\ARochaWildlifeSite\node_modules\mongoose\lib\helpers\query\wrapThunk.js:16:8)
[03/01/19] 17:32:31 [ERROR] [Application]     at process.nextTick (C:\Users\Matthew Lester\Desktop\Files\Coding\VSCode Workspace\ARochaWildlifeSite\node_modules\kareem\index.js:369:33)
[03/01/19] 17:32:31 [ERROR] [Application]     at _combinedTickCallback (internal/process/next_tick.js:131:7)
[03/01/19] 17:32:31 [ERROR] [Application]     at process._tickDomainCallback (internal/process/next_tick.js:218:9)
[03/01/19] 17:32:31 [ERROR] [Application]     at model.Query.<anonymous> (C:\Users\Matthew Lester\Desktop\Files\Coding\VSCode Workspace\ARochaWildlifeSite\node_modules\mongoose\lib\query.js:2492:28)
[07/01/19] 08:10:09 [ERROR] [Application] DeprecationWarning: collection.ensureIndex is deprecated. Use createIndexes instead.
[07/01/19] 08:10:09 [ERROR] [Application]     at NativeCollection.(anonymous function) [as ensureIndex] (C:\Users\Matthew Lester\Desktop\Files\Coding\VSCode Workspace\ARochaWildlifeSite\node_modules\mongoose\lib\drivers\node-mongodb-native\collection.js:146:28)
[07/01/19] 08:10:09 [ERROR] [Application]     at NativeCollection.create (C:\Users\Matthew Lester\Desktop\Files\Coding\VSCode Workspace\ARochaWildlifeSite\node_modules\mongoose\lib\model.js:1462:33)
[07/01/19] 08:10:09 [ERROR] [Application]     at process._tickDomainCallback (internal/process/next_tick.js:218:9)
[07/01/19] 08:10:09 [ERROR] [Application]     at _combinedTickCallback (internal/process/next_tick.js:131:7)
[07/01/19] 08:10:09 [ERROR] [Application]     at immediate (C:\Users\Matthew Lester\Desktop\Files\Coding\VSCode Workspace\ARochaWildlifeSite\node_modules\mongoose\lib\collection.js:86:24)
[07/01/19] 08:10:09 [ERROR] [Application]     at NativeCollection.Collection.doQueue (C:\Users\Matthew Lester\Desktop\Files\Coding\VSCode Workspace\ARochaWildlifeSite\node_modules\mongoose\lib\collection.js:124:24)
[09/06/19] 13:05:51 [ERROR] [Application] DeprecationWarning: collection.ensureIndex is deprecated. Use createIndexes instead.
[09/06/19] 13:05:51 [ERROR] [Application]     at NativeCollection.(anonymous function) [as ensureIndex] (C:\Users\Matthew Lester\Desktop\Files\Coding\VSCode Workspace\ARochaWildlifeSite\node_modules\mongoose\lib\drivers\node-mongodb-native\collection.js:146:28)
[09/06/19] 13:05:51 [ERROR] [Application]     at immediate (C:\Users\Matthew Lester\Desktop\Files\Coding\VSCode Workspace\ARochaWildlifeSite\node_modules\mongoose\lib\collection.js:86:24)
[09/06/19] 13:05:51 [ERROR] [Application]     at _combinedTickCallback (internal/process/next_tick.js:131:7)
[09/06/19] 13:05:51 [ERROR] [Application]     at NativeCollection.create (C:\Users\Matthew Lester\Desktop\Files\Coding\VSCode Workspace\ARochaWildlifeSite\node_modules\mongoose\lib\model.js:1462:33)
[09/06/19] 13:05:51 [ERROR] [Application]     at NativeCollection.Collection.doQueue (C:\Users\Matthew Lester\Desktop\Files\Coding\VSCode Workspace\ARochaWildlifeSite\node_modules\mongoose\lib\collection.js:124:24)
[09/06/19] 13:05:51 [ERROR] [Application]     at process._tickDomainCallback (internal/process/next_tick.js:218:9)
[09/06/19] 13:53:57 [ERROR] [Application] DeprecationWarning: collection.ensureIndex is deprecated. Use createIndexes instead.
[09/06/19] 13:53:57 [ERROR] [Application]     at NativeCollection.(anonymous function) [as ensureIndex] (C:\Users\Matthew Lester\Desktop\Files\Coding\VSCode Workspace\ARochaWildlifeSite\node_modules\mongoose\lib\drivers\node-mongodb-native\collection.js:146:28)
[09/06/19] 13:53:57 [ERROR] [Application]     at immediate (C:\Users\Matthew Lester\Desktop\Files\Coding\VSCode Workspace\ARochaWildlifeSite\node_modules\mongoose\lib\collection.js:86:24)
[09/06/19] 13:53:57 [ERROR] [Application]     at NativeCollection.Collection.doQueue (C:\Users\Matthew Lester\Desktop\Files\Coding\VSCode Workspace\ARochaWildlifeSite\node_modules\mongoose\lib\collection.js:124:24)
[09/06/19] 13:53:57 [ERROR] [Application]     at NativeCollection.create (C:\Users\Matthew Lester\Desktop\Files\Coding\VSCode Workspace\ARochaWildlifeSite\node_modules\mongoose\lib\model.js:1462:33)
[09/06/19] 13:53:57 [ERROR] [Application]     at process._tickDomainCallback (internal/process/next_tick.js:218:9)
[09/06/19] 13:53:57 [ERROR] [Application]     at _combinedTickCallback (internal/process/next_tick.js:131:7)
